[2026-03-28 22:20:51] ======================================================================
[2026-03-28 22:20:51] AUTONOMOUS DOWNLOAD - XAUUSD MAXIMUM HISTORY
[2026-03-28 22:20:51] ======================================================================
[2026-03-28 22:20:51] Period: 2005-2026 (21 years)
[2026-03-28 22:20:51] Mode: Autonomous - will retry until complete
[2026-03-28 22:20:51] ======================================================================
[2026-03-28 22:20:51] Waiting 30 minutes for rate limit to reset...
[2026-03-28 22:50:51] Starting download...
[2026-03-28 22:50:51] SKIP 2005-01: Already exists
[2026-03-28 22:50:51] SKIP 2005-02: Already exists
[2026-03-28 22:50:51] SKIP 2005-03: Already exists
[2026-03-28 22:50:51] SKIP 2005-04: Already exists
[2026-03-28 22:50:51] SKIP 2005-05: Already exists
[2026-03-28 22:50:51] SKIP 2005-06: Already exists
[2026-03-28 22:50:51] SKIP 2005-07: Already exists
[2026-03-28 22:50:51] SKIP 2005-08: Already exists
[2026-03-28 22:50:51] SKIP 2005-09: Already exists
[2026-03-28 22:50:51] SKIP 2005-10: Already exists
[2026-03-28 22:50:51] SKIP 2005-11: Already exists
[2026-03-28 22:50:51] SKIP 2005-12: Already exists
[2026-03-28 22:50:51] *** COMPLETED 12 MONTHS (2005) ***
[2026-03-28 22:50:51] SKIP 2006-01: Already exists
[2026-03-28 22:50:51] SKIP 2006-02: Already exists
[2026-03-28 22:50:51] SKIP 2006-03: Already exists
[2026-03-28 22:50:51] SKIP 2006-04: Already exists
[2026-03-28 22:50:51] SKIP 2006-05: Already exists
[2026-03-28 22:50:51] SKIP 2006-06: Already exists
[2026-03-28 22:50:51] SKIP 2006-07: Already exists
[2026-03-28 22:50:51] SKIP 2006-08: Already exists
[2026-03-28 22:50:51] SKIP 2006-09: Already exists
[2026-03-28 22:50:51] SKIP 2006-10: Already exists
[2026-03-28 22:50:51] SKIP 2006-11: Already exists
[2026-03-28 22:50:51] SKIP 2006-12: Already exists
[2026-03-28 22:50:51] *** COMPLETED 24 MONTHS (2006) ***
[2026-03-28 22:50:51] SKIP 2007-01: Already exists
[2026-03-28 22:50:51] SKIP 2007-02: Already exists
[2026-03-28 22:50:51] SKIP 2007-03: Already exists
[2026-03-28 22:50:51] SKIP 2007-04: Already exists
[2026-03-28 22:50:51] SKIP 2007-05: Already exists
[2026-03-28 22:50:51] SKIP 2007-06: Already exists
[2026-03-28 22:50:51] SKIP 2007-07: Already exists
[2026-03-28 22:50:51] SKIP 2007-08: Already exists
[2026-03-28 22:50:51] SKIP 2007-09: Already exists
[2026-03-28 22:50:51] SKIP 2007-10: Already exists
[2026-03-28 22:50:51] SKIP 2007-11: Already exists
[2026-03-28 22:50:51] SKIP 2007-12: Already exists
[2026-03-28 22:50:51] *** COMPLETED 36 MONTHS (2007) ***
[2026-03-28 22:50:51] SKIP 2008-01: Already exists
[2026-03-28 22:50:51] SKIP 2008-02: Already exists
[2026-03-28 22:50:51] SKIP 2008-03: Already exists
[2026-03-28 22:50:51] SKIP 2008-04: Already exists
[2026-03-28 22:50:51] SKIP 2008-05: Already exists
[2026-03-28 22:50:51] SKIP 2008-06: Already exists
[2026-03-28 22:50:51] SKIP 2008-07: Already exists
[2026-03-28 22:50:51] SKIP 2008-08: Already exists
[2026-03-28 22:50:51] SKIP 2008-09: Already exists
[2026-03-28 22:50:51] SKIP 2008-10: Already exists
[2026-03-28 22:50:51] SKIP 2008-11: Already exists
[2026-03-28 22:50:51] SKIP 2008-12: Already exists
[2026-03-28 22:50:51] *** COMPLETED 48 MONTHS (2008) ***
[2026-03-28 22:50:51] SKIP 2009-01: Already exists
[2026-03-28 22:50:51] SKIP 2009-02: Already exists
[2026-03-28 22:50:51] SKIP 2009-03: Already exists
[2026-03-28 22:50:51] SKIP 2009-04: Already exists
[2026-03-28 22:50:51] SKIP 2009-05: Already exists
[2026-03-28 22:50:51] SKIP 2009-06: Already exists
[2026-03-28 22:50:51] SKIP 2009-07: Already exists
[2026-03-28 22:50:51] SKIP 2009-08: Already exists
[2026-03-28 22:50:51] SKIP 2009-09: Already exists
[2026-03-28 22:50:51] SKIP 2009-10: Already exists
[2026-03-28 22:50:51] SKIP 2009-11: Already exists
[2026-03-28 22:50:51] SKIP 2009-12: Already exists
[2026-03-28 22:50:51] *** COMPLETED 60 MONTHS (2009) ***
[2026-03-28 22:50:51] SKIP 2010-01: Already exists
[2026-03-28 22:50:51] SKIP 2010-02: Already exists
[2026-03-28 22:50:51] SKIP 2010-03: Already exists
[2026-03-28 22:50:51] SKIP 2010-04: Already exists
[2026-03-28 22:50:51] SKIP 2010-05: Already exists
[2026-03-28 22:50:51] SKIP 2010-06: Already exists
[2026-03-28 22:50:51] SKIP 2010-07: Already exists
[2026-03-28 22:50:51] SKIP 2010-08: Already exists
[2026-03-28 22:50:51] SKIP 2010-09: Already exists
[2026-03-28 22:50:51] SKIP 2010-10: Already exists
[2026-03-28 22:50:51] SKIP 2010-11: Already exists
[2026-03-28 22:50:51] SKIP 2010-12: Already exists
[2026-03-28 22:50:51] *** COMPLETED 72 MONTHS (2010) ***
[2026-03-28 22:50:51] SKIP 2011-01: Already exists
[2026-03-28 22:50:51] SKIP 2011-02: Already exists
[2026-03-28 22:50:51] SKIP 2011-03: Already exists
[2026-03-28 22:50:51] SKIP 2011-04: Already exists
[2026-03-28 22:50:51] SKIP 2011-05: Already exists
[2026-03-28 22:50:51] SKIP 2011-06: Already exists
[2026-03-28 22:50:51] SKIP 2011-07: Already exists
[2026-03-28 22:50:51] SKIP 2011-08: Already exists
[2026-03-28 22:50:51] SKIP 2011-09: Already exists
[2026-03-28 22:50:51] SKIP 2011-10: Already exists
[2026-03-28 22:50:51] SKIP 2011-11: Already exists
[2026-03-28 22:50:51] SKIP 2011-12: Already exists
[2026-03-28 22:50:51] *** COMPLETED 84 MONTHS (2011) ***
[2026-03-28 22:50:51] SKIP 2012-01: Already exists
[2026-03-28 22:50:51] SKIP 2012-02: Already exists
[2026-03-28 22:50:51] SKIP 2012-03: Already exists
[2026-03-28 22:50:51] SKIP 2012-04: Already exists
[2026-03-28 22:50:51] SKIP 2012-05: Already exists
[2026-03-28 22:50:51] SKIP 2012-06: Already exists
[2026-03-28 22:50:51] SKIP 2012-07: Already exists
[2026-03-28 22:50:51] SKIP 2012-08: Already exists
[2026-03-28 22:50:51] SKIP 2012-09: Already exists
[2026-03-28 22:50:51] SKIP 2012-10: Already exists
[2026-03-28 22:50:51] SKIP 2012-11: Already exists
[2026-03-28 22:50:51] SKIP 2012-12: Already exists
[2026-03-28 22:50:51] *** COMPLETED 96 MONTHS (2012) ***
[2026-03-28 22:50:51] SKIP 2013-01: Already exists
[2026-03-28 22:50:51] SKIP 2013-02: Already exists
[2026-03-28 22:50:51] SKIP 2013-03: Already exists
[2026-03-28 22:50:51] SKIP 2013-04: Already exists
[2026-03-28 22:50:51] SKIP 2013-05: Already exists
[2026-03-28 22:50:51] SKIP 2013-06: Already exists
[2026-03-28 22:50:51] SKIP 2013-07: Already exists
[2026-03-28 22:50:51] SKIP 2013-08: Already exists
[2026-03-28 22:50:51] Downloading 2013-09...
[2026-03-28 22:53:24]   Day 5/30 (OK: 91, Fail: 29)
[2026-03-28 22:55:03]   Day 10/30 (OK: 161, Fail: 79)
[2026-03-28 22:56:42]   Day 15/30 (OK: 231, Fail: 129)
[2026-03-28 22:58:23]   Day 20/30 (OK: 346, Fail: 134)
[2026-03-28 23:00:20]   Day 25/30 (OK: 420, Fail: 180)
[2026-03-28 23:02:10]   Day 30/30 (OK: 490, Fail: 230)
[2026-03-28 23:02:18] SAVED 2013-09: 1,867,854 ticks, 145.9 MB
[2026-03-28 23:02:20] Downloading 2013-10...
[2026-03-28 23:07:44]   Day 5/31 (OK: 90, Fail: 30)
[2026-03-28 23:09:32]   Day 10/31 (OK: 186, Fail: 54)
[2026-03-28 23:15:39]   Day 15/31 (OK: 252, Fail: 108)
[2026-03-28 23:17:27]   Day 20/31 (OK: 322, Fail: 158)
[2026-03-28 23:19:22]   Day 25/31 (OK: 438, Fail: 162)
[2026-03-28 23:30:26]     Connection error, retry 1/5
[2026-03-28 23:33:58]   Day 30/31 (OK: 511, Fail: 209)
[2026-03-28 23:34:18]   Day 31/31 (OK: 535, Fail: 209)
[2026-03-28 23:34:29] SAVED 2013-10: 2,570,961 ticks, 201.2 MB
[2026-03-28 23:34:31] Downloading 2013-11...
[2026-03-28 23:36:06]   Day 5/30 (OK: 70, Fail: 50)
[2026-03-28 23:37:49]   Day 10/30 (OK: 141, Fail: 99)
[2026-03-28 23:39:28]   Day 15/30 (OK: 259, Fail: 101)
[2026-03-28 23:41:11]   Day 20/30 (OK: 331, Fail: 149)
[2026-03-28 23:42:51]   Day 25/30 (OK: 402, Fail: 198)
[2026-03-28 23:44:34]   Day 30/30 (OK: 488, Fail: 232)
[2026-03-28 23:44:42] SAVED 2013-11: 1,778,822 ticks, 139.5 MB
[2026-03-28 23:44:44] Downloading 2013-12...
[2026-03-28 23:46:24]   Day 5/31 (OK: 97, Fail: 23)
[2026-03-28 23:49:28]   Day 10/31 (OK: 167, Fail: 73)
[2026-03-28 23:51:17]   Day 15/31 (OK: 238, Fail: 122)
[2026-03-28 23:55:57]   Day 20/31 (OK: 356, Fail: 124)
[2026-03-28 23:57:41]   Day 25/31 (OK: 399, Fail: 201)
[2026-03-28 23:59:22]   Day 30/31 (OK: 469, Fail: 251)
[2026-03-28 23:59:45]   Day 31/31 (OK: 491, Fail: 253)
[2026-03-28 23:59:53] SAVED 2013-12: 1,805,612 ticks, 141.6 MB
[2026-03-28 23:59:55] *** COMPLETED 108 MONTHS (2013) ***
[2026-03-28 23:59:55] Downloading 2014-01...
[2026-03-29 00:01:33]   Day 5/31 (OK: 48, Fail: 72)
[2026-03-29 00:03:15]   Day 10/31 (OK: 166, Fail: 74)
[2026-03-29 00:08:06]   Day 15/31 (OK: 239, Fail: 121)
[2026-03-29 00:09:47]   Day 20/31 (OK: 304, Fail: 176)
[2026-03-29 00:11:32]   Day 25/31 (OK: 398, Fail: 202)
[2026-03-29 00:14:28]   Day 30/31 (OK: 495, Fail: 225)
[2026-03-29 00:14:49]   Day 31/31 (OK: 517, Fail: 227)
[2026-03-29 00:14:57] SAVED 2014-01: 1,921,747 ticks, 150.8 MB
[2026-03-29 00:14:59] SKIP 2014-02: Already exists
[2026-03-29 00:14:59] Downloading 2014-03...
[2026-03-29 00:16:41]   Day 5/31 (OK: 73, Fail: 47)
[2026-03-29 00:23:47]   Day 10/31 (OK: 143, Fail: 97)
[2026-03-29 00:25:33]   Day 15/31 (OK: 234, Fail: 126)
[2026-03-29 00:27:25]   Day 20/31 (OK: 328, Fail: 152)
[2026-03-29 00:30:05]   Day 25/31 (OK: 397, Fail: 203)
[2026-03-29 00:31:41]   Day 30/31 (OK: 466, Fail: 254)
[2026-03-29 00:32:02]   Day 31/31 (OK: 489, Fail: 255)
[2026-03-29 00:32:10] SAVED 2014-03: 1,811,891 ticks, 140.3 MB
[2026-03-29 00:32:12] Downloading 2014-04...
[2026-03-29 00:33:51]   Day 5/30 (OK: 90, Fail: 30)
[2026-03-29 00:35:32]   Day 10/30 (OK: 186, Fail: 54)
[2026-03-29 00:37:14]   Day 15/30 (OK: 254, Fail: 106)
[2026-03-29 00:38:18]   WARNING: 50+ consecutive failures, possible rate limit
[2026-03-29 00:38:18]   Waiting 5 minutes...
[2026-03-29 00:43:42]   Day 20/30 (OK: 302, Fail: 178)
[2026-03-29 00:49:22]   Day 25/30 (OK: 419, Fail: 181)
[2026-03-29 00:51:29]   Day 30/30 (OK: 493, Fail: 227)
[2026-03-29 00:51:36] SAVED 2014-04: 1,511,016 ticks, 117.1 MB
[2026-03-29 00:51:38] Downloading 2014-05...
[2026-03-29 00:54:53]   Day 5/31 (OK: 71, Fail: 49)
[2026-03-29 00:56:59]   Day 10/31 (OK: 164, Fail: 76)
[2026-03-29 01:02:34]   Day 15/31 (OK: 244, Fail: 116)
[2026-03-29 01:06:01]   Day 20/31 (OK: 312, Fail: 168)
[2026-03-29 01:08:15]   Day 25/31 (OK: 382, Fail: 218)
[2026-03-29 01:10:35]   Day 30/31 (OK: 495, Fail: 225)
[2026-03-29 01:10:58]   Day 31/31 (OK: 495, Fail: 249)
[2026-03-29 01:11:04] SAVED 2014-05: 1,511,606 ticks, 117.3 MB
[2026-03-29 01:11:06] Downloading 2014-06...
[2026-03-29 01:13:12]   Day 5/30 (OK: 98, Fail: 22)
[2026-03-29 01:15:19]   Day 10/30 (OK: 169, Fail: 71)
[2026-03-29 01:17:23]   Day 15/30 (OK: 240, Fail: 120)
[2026-03-29 01:19:31]   Day 20/30 (OK: 356, Fail: 124)
[2026-03-29 01:21:34]   Day 25/30 (OK: 430, Fail: 170)
[2026-03-29 01:23:54]   Day 30/30 (OK: 501, Fail: 219)
[2026-03-29 01:24:00] SAVED 2014-06: 1,541,059 ticks, 119.7 MB
[2026-03-29 01:24:02] Downloading 2014-07...
[2026-03-29 01:29:45]   Day 5/31 (OK: 87, Fail: 33)
[2026-03-29 01:30:02]   WARNING: 50+ consecutive failures, possible rate limit
[2026-03-29 01:30:02]   Waiting 5 minutes...
[2026-03-29 01:36:47]   Day 10/31 (OK: 185, Fail: 55)
[2026-03-29 01:38:54]   Day 15/31 (OK: 256, Fail: 104)
[2026-03-29 01:40:58]   Day 20/31 (OK: 325, Fail: 155)
[2026-03-29 01:43:03]   Day 25/31 (OK: 442, Fail: 158)
[2026-03-29 01:45:06]   Day 30/31 (OK: 515, Fail: 205)
[2026-03-29 01:45:29]   Day 31/31 (OK: 538, Fail: 206)
[2026-03-29 01:45:37] SAVED 2014-07: 1,613,845 ticks, 125.4 MB
[2026-03-29 01:45:39] SKIP 2014-08: Already exists
[2026-03-29 01:45:39] Downloading 2014-09...
[2026-03-29 01:49:06]   Day 5/30 (OK: 111, Fail: 9)
[2026-03-29 01:52:05]   Day 10/30 (OK: 185, Fail: 55)
[2026-03-29 01:54:13]   Day 15/30 (OK: 254, Fail: 106)
[2026-03-29 01:57:19]   Day 20/30 (OK: 345, Fail: 135)
[2026-03-29 01:59:23]   Day 25/30 (OK: 443, Fail: 157)
[2026-03-29 02:02:01]     Timeout, retry 1/5
[2026-03-29 02:03:07]     Timeout, retry 2/5
[2026-03-29 02:03:46]   Day 30/30 (OK: 509, Fail: 211)
[2026-03-29 02:03:54] SAVED 2014-09: 1,842,642 ticks, 144.0 MB
[2026-03-29 02:03:57] Downloading 2014-10...
[2026-03-29 02:06:01]   Day 5/31 (OK: 71, Fail: 49)
[2026-03-29 02:08:08]   Day 10/31 (OK: 187, Fail: 53)
[2026-03-29 02:10:20]   Day 15/31 (OK: 257, Fail: 103)
[2026-03-29 02:12:34]   Day 20/31 (OK: 327, Fail: 153)
[2026-03-29 02:14:43]   Day 25/31 (OK: 418, Fail: 182)
[2026-03-29 02:16:51]   Day 30/31 (OK: 515, Fail: 205)
[2026-03-29 02:17:16]   Day 31/31 (OK: 536, Fail: 208)
[2026-03-29 02:17:26] SAVED 2014-10: 2,222,845 ticks, 173.7 MB
[2026-03-29 02:17:28] Downloading 2014-11...
[2026-03-29 02:22:37]   Day 5/30 (OK: 72, Fail: 48)
[2026-03-29 02:24:44]   Day 10/30 (OK: 142, Fail: 98)
[2026-03-29 02:26:50]   Day 15/30 (OK: 236, Fail: 124)
[2026-03-29 02:28:53]   Day 20/30 (OK: 332, Fail: 148)
[2026-03-29 02:31:09]   Day 25/30 (OK: 403, Fail: 197)
[2026-03-29 02:33:20]   WARNING: 50+ consecutive failures, possible rate limit
[2026-03-29 02:33:20]   Waiting 5 minutes...
[2026-03-29 02:38:58]   Day 30/30 (OK: 467, Fail: 253)
[2026-03-29 02:39:08] SAVED 2014-11: 2,141,298 ticks, 167.2 MB
[2026-03-29 02:39:10] Downloading 2014-12...
[2026-03-29 02:41:28]   Day 5/31 (OK: 118, Fail: 2)
[2026-03-29 02:43:33]   Day 10/31 (OK: 191, Fail: 49)
[2026-03-29 02:48:06]   Day 15/31 (OK: 262, Fail: 98)
[2026-03-29 02:50:12]   Day 20/31 (OK: 356, Fail: 124)
[2026-03-29 02:52:30]   Day 25/31 (OK: 424, Fail: 176)
[2026-03-29 02:54:38]   Day 30/31 (OK: 493, Fail: 227)
[2026-03-29 02:55:01]   Day 31/31 (OK: 515, Fail: 229)
[2026-03-29 02:55:10] SAVED 2014-12: 2,155,164 ticks, 168.1 MB
[2026-03-29 02:55:12] *** COMPLETED 120 MONTHS (2014) ***
[2026-03-29 02:55:12] SKIP 2015-01: Already exists
[2026-03-29 02:55:12] Downloading 2015-02...
[2026-03-29 04:00:13]   Day 5/28 (OK: 95, Fail: 25)
[2026-03-29 04:02:15]   Day 10/28 (OK: 164, Fail: 76)
[2026-03-29 04:04:36]   Day 15/28 (OK: 234, Fail: 126)
[2026-03-29 04:06:45]   Day 20/28 (OK: 347, Fail: 133)
[2026-03-29 04:12:08]   Day 25/28 (OK: 419, Fail: 181)
[2026-03-29 04:15:13]   Day 28/28 (OK: 465, Fail: 207)
[2026-03-29 04:15:21] SAVED 2015-02: 1,803,367 ticks, 141.0 MB
[2026-03-29 04:15:23] Downloading 2015-03...
[2026-03-29 04:17:28]   Day 5/31 (OK: 93, Fail: 27)
[2026-03-29 04:19:34]   Day 10/31 (OK: 162, Fail: 78)
[2026-03-29 04:21:41]   Day 15/31 (OK: 232, Fail: 128)
[2026-03-29 04:23:49]   Day 20/31 (OK: 346, Fail: 134)
[2026-03-29 04:27:51]   Day 25/31 (OK: 419, Fail: 181)
[2026-03-29 04:30:03]   Day 30/31 (OK: 489, Fail: 231)
[2026-03-29 04:30:29]   Day 31/31 (OK: 513, Fail: 231)
[2026-03-29 04:30:36] SAVED 2015-03: 1,814,763 ticks, 141.7 MB
[2026-03-29 04:30:39] Downloading 2015-04...
[2026-03-29 04:32:13]   WARNING: 50+ consecutive failures, possible rate limit
[2026-03-29 04:32:13]   Waiting 5 minutes...
[2026-03-29 04:37:37]   Day 5/30 (OK: 48, Fail: 72)
[2026-03-29 04:39:45]   Day 10/30 (OK: 163, Fail: 77)
[2026-03-29 04:41:52]   Day 15/30 (OK: 236, Fail: 124)
[2026-03-29 04:43:58]   Day 20/30 (OK: 307, Fail: 173)
[2026-03-29 04:46:17]   Day 25/30 (OK: 400, Fail: 200)
[2026-03-29 04:48:23]   Day 30/30 (OK: 498, Fail: 222)
[2026-03-29 04:48:31] SAVED 2015-04: 1,800,635 ticks, 140.7 MB
[2026-03-29 04:48:33] Downloading 2015-05...
[2026-03-29 04:50:39]   Day 5/31 (OK: 71, Fail: 49)
[2026-03-29 04:52:46]   Day 10/31 (OK: 142, Fail: 98)
[2026-03-29 04:54:54]   Day 15/31 (OK: 259, Fail: 101)
[2026-03-29 04:57:55]   Day 20/31 (OK: 333, Fail: 147)
[2026-03-29 05:00:01]   Day 25/31 (OK: 400, Fail: 200)
[2026-03-29 05:02:48]     Timeout, retry 1/5
[2026-03-29 05:03:57]   Day 30/31 (OK: 490, Fail: 230)
[2026-03-29 05:04:26]   Day 31/31 (OK: 492, Fail: 252)
[2026-03-29 05:04:34] SAVED 2015-05: 1,769,517 ticks, 138.1 MB
[2026-03-29 05:04:36] Downloading 2015-06...
[2026-03-29 05:06:53]   Day 5/30 (OK: 117, Fail: 3)
[2026-03-29 05:10:07]   Day 10/30 (OK: 191, Fail: 49)
[2026-03-29 05:12:11]   Day 15/30 (OK: 262, Fail: 98)
[2026-03-29 05:15:37]   Day 20/30 (OK: 355, Fail: 125)
[2026-03-29 05:17:51]   Day 25/30 (OK: 452, Fail: 148)
[2026-03-29 05:20:38]   Day 30/30 (OK: 520, Fail: 200)
[2026-03-29 05:20:45] SAVED 2015-06: 1,836,702 ticks, 142.8 MB
[2026-03-29 05:20:47] Downloading 2015-07...
[2026-03-29 05:22:55]   WARNING: 50+ consecutive failures, possible rate limit
[2026-03-29 05:22:55]   Waiting 5 minutes...
[2026-03-29 05:27:58]   Day 5/31 (OK: 66, Fail: 54)
[2026-03-29 05:30:03]   Day 10/31 (OK: 180, Fail: 60)
[2026-03-29 05:34:07]   Day 15/31 (OK: 252, Fail: 108)
[2026-03-29 05:36:07]   Day 20/31 (OK: 322, Fail: 158)
[2026-03-29 05:38:07]   Day 25/31 (OK: 413, Fail: 187)
[2026-03-29 05:40:09]   Day 30/31 (OK: 507, Fail: 213)
[2026-03-29 05:40:37]   Day 31/31 (OK: 528, Fail: 216)
[2026-03-29 05:40:47] SAVED 2015-07: 2,331,673 ticks, 181.3 MB
[2026-03-29 05:40:49] SKIP 2015-08: Already exists
[2026-03-29 05:40:49] Downloading 2015-09...
[2026-03-29 05:44:02]   Day 5/30 (OK: 90, Fail: 30)
[2026-03-29 05:46:00]   Day 10/30 (OK: 181, Fail: 59)
[2026-03-29 05:49:35]   Day 15/30 (OK: 249, Fail: 111)
[2026-03-29 05:52:06]   Day 20/30 (OK: 319, Fail: 161)
[2026-03-29 05:54:14]   Day 25/30 (OK: 432, Fail: 168)
[2026-03-29 05:56:13]   Day 30/30 (OK: 503, Fail: 217)
[2026-03-29 05:56:22] SAVED 2015-09: 2,087,167 ticks, 162.2 MB
[2026-03-29 05:56:24] Downloading 2015-10...
[2026-03-29 05:58:33]   Day 5/31 (OK: 69, Fail: 51)
[2026-03-29 06:02:55]   Day 10/31 (OK: 159, Fail: 81)
[2026-03-29 06:05:11]   Day 15/31 (OK: 253, Fail: 107)
[2026-03-29 06:07:18]   Day 20/31 (OK: 322, Fail: 158)
[2026-03-29 06:09:24]   Day 25/31 (OK: 391, Fail: 209)
[2026-03-29 06:11:22]   Day 30/31 (OK: 504, Fail: 216)
[2026-03-29 06:11:47]   Day 31/31 (OK: 504, Fail: 240)
[2026-03-29 06:11:58] SAVED 2015-10: 2,519,916 ticks, 195.9 MB
[2026-03-29 06:12:00] Downloading 2015-11...
[2026-03-29 06:14:07]   Day 5/30 (OK: 94, Fail: 26)
[2026-03-29 06:16:13]   Day 10/30 (OK: 163, Fail: 77)
[2026-03-29 06:19:25]   Day 15/30 (OK: 232, Fail: 128)
[2026-03-29 06:21:45]   Day 20/30 (OK: 346, Fail: 134)
[2026-03-29 06:23:54]   Day 25/30 (OK: 416, Fail: 184)
[2026-03-29 06:25:17]   WARNING: 50+ consecutive failures, possible rate limit
[2026-03-29 06:25:17]   Waiting 5 minutes...
[2026-03-29 06:30:45]   Day 30/30 (OK: 479, Fail: 241)
[2026-03-29 06:30:55] SAVED 2015-11: 2,290,427 ticks, 178.2 MB
[2026-03-29 06:30:57] Downloading 2015-12...
[2026-03-29 06:33:05]   Day 5/31 (OK: 91, Fail: 29)
[2026-03-29 06:35:08]   Day 10/31 (OK: 184, Fail: 56)
[2026-03-29 06:38:25]   Day 15/31 (OK: 253, Fail: 107)
[2026-03-29 06:40:42]   Day 20/31 (OK: 322, Fail: 158)
[2026-03-29 06:42:38]   Day 25/31 (OK: 410, Fail: 190)
[2026-03-29 06:42:57]   WARNING: 50+ consecutive failures, possible rate limit
[2026-03-29 06:42:57]   Waiting 5 minutes...
[2026-03-29 06:49:36]   Day 30/31 (OK: 480, Fail: 240)
[2026-03-29 06:50:02]   Day 31/31 (OK: 502, Fail: 242)
[2026-03-29 06:50:14] SAVED 2015-12: 2,874,227 ticks, 223.4 MB
[2026-03-29 06:50:16] *** COMPLETED 132 MONTHS (2015) ***
[2026-03-29 06:50:16] SKIP 2016-01: Already exists
[2026-03-29 06:50:16] Downloading 2016-02...
[2026-03-29 06:53:54]   Day 5/29 (OK: 113, Fail: 7)
[2026-03-29 06:58:05]   Day 10/29 (OK: 183, Fail: 57)
[2026-03-29 07:00:08]   Day 15/29 (OK: 249, Fail: 111)
[2026-03-29 07:02:03]   Day 20/29 (OK: 340, Fail: 140)
[2026-03-29 07:03:58]   Day 25/29 (OK: 433, Fail: 167)
[2026-03-29 07:05:34]   Day 29/29 (OK: 479, Fail: 217)
[2026-03-29 07:05:52] SAVED 2016-02: 3,999,195 ticks, 311.1 MB
[2026-03-29 07:05:54] Downloading 2016-03...
[2026-03-29 07:07:58]   Day 5/31 (OK: 91, Fail: 29)
[2026-03-29 07:10:06]   Day 10/31 (OK: 184, Fail: 56)
[2026-03-29 07:13:47]   Day 15/31 (OK: 254, Fail: 106)
[2026-03-29 07:15:53]   Day 20/31 (OK: 323, Fail: 157)
[2026-03-29 07:17:47]   Day 25/31 (OK: 413, Fail: 187)
[2026-03-29 07:18:06]   WARNING: 50+ consecutive failures, possible rate limit
[2026-03-29 07:18:06]   Waiting 5 minutes...
[2026-03-29 07:24:59]   Day 30/31 (OK: 484, Fail: 236)
[2026-03-29 07:25:24]   Day 31/31 (OK: 507, Fail: 237)
[2026-03-29 07:25:44] SAVED 2016-03: 4,370,002 ticks, 339.5 MB
[2026-03-29 07:25:46] Downloading 2016-04...
[2026-03-29 07:27:52]   Day 5/30 (OK: 69, Fail: 51)
[2026-03-29 07:29:55]   Day 10/30 (OK: 138, Fail: 102)
[2026-03-29 07:32:02]   Day 15/30 (OK: 251, Fail: 109)
[2026-03-29 07:34:19]   Day 20/30 (OK: 322, Fail: 158)
[2026-03-29 07:36:22]   Day 25/30 (OK: 391, Fail: 209)
[2026-03-29 07:38:29]   Day 30/30 (OK: 481, Fail: 239)
[2026-03-29 07:38:47] SAVED 2016-04: 4,105,206 ticks, 318.3 MB
[2026-03-29 07:38:49] Downloading 2016-05...
[2026-03-29 07:40:54]   Day 5/31 (OK: 94, Fail: 26)
[2026-03-29 07:43:01]   Day 10/31 (OK: 163, Fail: 77)
[2026-03-29 07:45:00]   Day 15/31 (OK: 232, Fail: 128)
[2026-03-29 07:47:07]   Day 20/31 (OK: 345, Fail: 135)
[2026-03-29 07:49:14]   Day 25/31 (OK: 416, Fail: 184)
[2026-03-29 07:51:28]   Day 30/31 (OK: 482, Fail: 238)
[2026-03-29 07:51:56]   Day 31/31 (OK: 505, Fail: 239)
[2026-03-29 07:52:14] SAVED 2016-05: 4,123,668 ticks, 320.0 MB
[2026-03-29 07:52:16] Downloading 2016-06...
[2026-03-29 07:55:34]   Day 5/30 (OK: 69, Fail: 51)
[2026-03-29 07:57:37]   Day 10/30 (OK: 182, Fail: 58)
[2026-03-29 08:00:44]   Day 15/30 (OK: 253, Fail: 107)
[2026-03-29 08:02:51]   Day 20/30 (OK: 322, Fail: 158)
[2026-03-29 08:04:54]   Day 25/30 (OK: 412, Fail: 188)
[2026-03-29 08:06:58]   Day 30/30 (OK: 506, Fail: 214)
[2026-03-29 08:07:14] SAVED 2016-06: 3,800,896 ticks, 295.0 MB
[2026-03-29 08:07:16] Downloading 2016-07...
[2026-03-29 08:09:28]   Day 5/31 (OK: 65, Fail: 55)
[2026-03-29 08:11:40]   Day 10/31 (OK: 134, Fail: 106)
[2026-03-29 08:14:38]   Day 15/31 (OK: 237, Fail: 123)
[2026-03-29 08:15:53]   WARNING: 50+ consecutive failures, possible rate limit
[2026-03-29 08:15:53]   Waiting 5 minutes...
[2026-03-29 08:29:11]   Day 20/31 (OK: 308, Fail: 172)
[2026-03-29 08:31:18]   Day 25/31 (OK: 377, Fail: 223)
[2026-03-29 08:34:24]   Day 30/31 (OK: 467, Fail: 253)
[2026-03-29 08:34:50]   Day 31/31 (OK: 469, Fail: 275)
[2026-03-29 08:35:07] SAVED 2016-07: 3,874,488 ticks, 301.3 MB
[2026-03-29 08:35:09] SKIP 2016-08: Already exists
[2026-03-29 08:35:09] Downloading 2016-09...
[2026-03-29 08:37:22]   Day 5/30 (OK: 65, Fail: 55)
[2026-03-29 08:39:27]   Day 10/30 (OK: 155, Fail: 85)
[2026-03-29 08:41:31]   Day 15/30 (OK: 250, Fail: 110)
[2026-03-29 08:43:34]   Day 20/30 (OK: 319, Fail: 161)
[2026-03-29 08:45:41]   Day 25/30 (OK: 388, Fail: 212)
[2026-03-29 08:47:40]   Day 30/30 (OK: 501, Fail: 219)
[2026-03-29 08:47:57] SAVED 2016-09: 3,901,558 ticks, 303.7 MB
[2026-03-29 08:47:59] Downloading 2016-10...
[2026-03-29 08:50:07]   Day 5/31 (OK: 71, Fail: 49)
[2026-03-29 08:52:15]   Day 10/31 (OK: 140, Fail: 100)
[2026-03-29 08:54:30]   Day 15/31 (OK: 230, Fail: 130)
[2026-03-29 08:56:37]   Day 20/31 (OK: 324, Fail: 156)
[2026-03-29 08:58:45]   Day 25/31 (OK: 393, Fail: 207)
[2026-03-29 09:00:46]   Day 30/31 (OK: 462, Fail: 258)
[2026-03-29 09:01:12]   Day 31/31 (OK: 485, Fail: 259)
[2026-03-29 09:01:25] SAVED 2016-10: 3,060,614 ticks, 238.7 MB
[2026-03-29 09:01:27] Downloading 2016-11...
[2026-03-29 09:03:34]   Day 5/30 (OK: 90, Fail: 30)
[2026-03-29 09:07:04]   Day 10/30 (OK: 184, Fail: 56)
[2026-03-29 09:09:08]   Day 15/30 (OK: 253, Fail: 107)
[2026-03-29 09:11:25]   Day 20/30 (OK: 323, Fail: 157)
[2026-03-29 09:13:37]   Day 25/30 (OK: 432, Fail: 168)
[2026-03-29 09:14:25]   WARNING: 50+ consecutive failures, possible rate limit
[2026-03-29 09:14:25]   Waiting 5 minutes...
[2026-03-29 09:22:37]   Day 30/30 (OK: 493, Fail: 227)
[2026-03-29 09:22:57] SAVED 2016-11: 4,525,886 ticks, 354.6 MB
[2026-03-29 09:22:59] Downloading 2016-12...
[2026-03-29 09:24:47]   Day 5/31 (OK: 71, Fail: 49)
[2026-03-29 09:26:45]   Day 10/31 (OK: 163, Fail: 77)
[2026-03-29 09:32:53]   Day 15/31 (OK: 245, Fail: 115)
[2026-03-29 09:35:10]   Day 20/31 (OK: 315, Fail: 165)
[2026-03-29 09:38:17]   Day 25/31 (OK: 383, Fail: 217)
[2026-03-29 09:38:18]   WARNING: 50+ consecutive failures, possible rate limit
[2026-03-29 09:38:18]   Waiting 5 minutes...
[2026-03-29 09:44:50]   Day 30/31 (OK: 477, Fail: 243)
[2026-03-29 09:45:11]   Day 31/31 (OK: 477, Fail: 267)
[2026-03-29 09:45:25] SAVED 2016-12: 3,212,057 ticks, 251.8 MB
[2026-03-29 09:45:27] *** COMPLETED 144 MONTHS (2016) ***
[2026-03-29 09:45:27] SKIP 2017-01: Already exists
[2026-03-29 09:45:27] Downloading 2017-02...
[2026-03-29 09:47:28]   Day 5/28 (OK: 70, Fail: 50)
[2026-03-29 09:49:30]   Day 10/28 (OK: 186, Fail: 54)
[2026-03-29 09:51:42]   Day 15/28 (OK: 258, Fail: 102)
[2026-03-29 09:53:58]   Day 20/28 (OK: 323, Fail: 157)
[2026-03-29 09:56:02]   Day 25/28 (OK: 417, Fail: 183)
[2026-03-29 09:57:23]   Day 28/28 (OK: 466, Fail: 206)
[2026-03-29 09:57:41] SAVED 2017-02: 4,018,198 ticks, 314.6 MB
[2026-03-29 09:57:43] Downloading 2017-03...
[2026-03-29 09:59:49]   Day 5/31 (OK: 71, Fail: 49)
[2026-03-29 10:01:49]   Day 10/31 (OK: 189, Fail: 51)
[2026-03-29 10:03:55]   Day 15/31 (OK: 259, Fail: 101)
[2026-03-29 10:08:45]   Day 20/31 (OK: 326, Fail: 154)
[2026-03-29 10:10:41]   Day 25/31 (OK: 416, Fail: 184)
[2026-03-29 10:15:14]   Day 30/31 (OK: 510, Fail: 210)
[2026-03-29 10:15:41]   Day 31/31 (OK: 531, Fail: 213)
[2026-03-29 10:16:01] SAVED 2017-03: 4,215,776 ticks, 330.6 MB
[2026-03-29 10:16:03] Downloading 2017-04...
[2026-03-29 10:18:01]   Day 5/30 (OK: 71, Fail: 49)
[2026-03-29 10:20:08]   Day 10/30 (OK: 140, Fail: 100)
[2026-03-29 10:22:14]   WARNING: 50+ consecutive failures, possible rate limit
[2026-03-29 10:22:14]   Waiting 5 minutes...
[2026-03-29 10:27:14]   Day 15/30 (OK: 207, Fail: 153)
[2026-03-29 10:28:56]   Day 20/30 (OK: 301, Fail: 179)
[2026-03-29 10:32:14]   Day 25/30 (OK: 370, Fail: 230)
[2026-03-29 10:34:19]   Day 30/30 (OK: 439, Fail: 281)
[2026-03-29 10:34:35] SAVED 2017-04: 3,294,725 ticks, 258.6 MB
[2026-03-29 10:34:38] Downloading 2017-05...
[2026-03-29 10:38:00]   Day 5/31 (OK: 113, Fail: 7)
[2026-03-29 10:40:02]   Day 10/31 (OK: 184, Fail: 56)
[2026-03-29 10:43:32]   Day 15/31 (OK: 253, Fail: 107)
[2026-03-29 10:47:14]   Day 20/31 (OK: 343, Fail: 137)
[2026-03-29 10:49:21]   Day 25/31 (OK: 437, Fail: 163)
[2026-03-29 10:51:22]   Day 30/31 (OK: 503, Fail: 217)
[2026-03-29 10:51:48]   Day 31/31 (OK: 526, Fail: 218)
[2026-03-29 10:52:06] SAVED 2017-05: 3,595,878 ticks, 282.0 MB
[2026-03-29 10:52:08] Downloading 2017-06...
[2026-03-29 10:54:15]   Day 5/30 (OK: 69, Fail: 51)
[2026-03-29 10:58:28]   Day 10/30 (OK: 159, Fail: 81)
[2026-03-29 11:00:34]   Day 15/30 (OK: 253, Fail: 107)
[2026-03-29 11:03:20]   Day 20/30 (OK: 322, Fail: 158)
[2026-03-29 11:04:20]     Connection error, retry 1/5
[2026-03-29 11:06:09]   Day 25/30 (OK: 391, Fail: 209)
[2026-03-29 11:17:31]   Day 30/30 (OK: 497, Fail: 223)
[2026-03-29 11:17:47] SAVED 2017-06: 3,288,202 ticks, 257.5 MB
[2026-03-29 11:17:49] Downloading 2017-07...
[2026-03-29 11:20:17]   Day 5/31 (OK: 68, Fail: 52)
[2026-03-29 11:23:33]   Day 10/31 (OK: 136, Fail: 104)
[2026-03-29 11:25:46]   Day 15/31 (OK: 226, Fail: 134)
[2026-03-29 11:28:27]   Day 20/31 (OK: 320, Fail: 160)
[2026-03-29 11:30:57]   Day 25/31 (OK: 389, Fail: 211)
[2026-03-29 11:34:23]   Day 30/31 (OK: 458, Fail: 262)
[2026-03-29 11:34:49]   Day 31/31 (OK: 481, Fail: 263)
[2026-03-29 11:35:04] SAVED 2017-07: 3,064,786 ticks, 239.7 MB
[2026-03-29 11:35:06] Downloading 2017-08...
[2026-03-29 11:37:45]   Day 5/31 (OK: 90, Fail: 30)
[2026-03-29 11:39:57]   Day 10/31 (OK: 184, Fail: 56)
[2026-03-29 11:41:52]   Day 15/31 (OK: 253, Fail: 107)
[2026-03-29 11:45:05]   Day 20/31 (OK: 321, Fail: 159)
[2026-03-29 11:47:49]   Day 25/31 (OK: 434, Fail: 166)
[2026-03-29 11:50:03]   Day 30/31 (OK: 505, Fail: 215)
[2026-03-29 11:50:32]   Day 31/31 (OK: 528, Fail: 216)
[2026-03-29 11:50:51] SAVED 2017-08: 3,827,942 ticks, 298.8 MB
[2026-03-29 11:50:53] Downloading 2017-09...
[2026-03-29 11:53:01]   Day 5/30 (OK: 65, Fail: 55)
[2026-03-29 11:56:14]   Day 10/30 (OK: 121, Fail: 119)
[2026-03-29 11:58:24]   Day 15/30 (OK: 234, Fail: 126)
[2026-03-29 12:03:05]   Day 20/30 (OK: 305, Fail: 175)
[2026-03-29 12:05:09]   Day 25/30 (OK: 374, Fail: 226)
[2026-03-29 12:07:21]   Day 30/30 (OK: 464, Fail: 256)
[2026-03-29 12:07:40] SAVED 2017-09: 3,811,838 ticks, 297.1 MB
[2026-03-29 12:07:42] Downloading 2017-10...
[2026-03-29 12:09:56]   Day 5/31 (OK: 94, Fail: 26)
[2026-03-29 12:12:03]   Day 10/31 (OK: 163, Fail: 77)
[2026-03-29 12:14:04]   Day 15/31 (OK: 232, Fail: 128)
[2026-03-29 12:16:11]   Day 20/31 (OK: 345, Fail: 135)
[2026-03-29 12:18:19]   Day 25/31 (OK: 416, Fail: 184)
[2026-03-29 12:20:22]   Day 30/31 (OK: 485, Fail: 235)
[2026-03-29 12:20:48]   Day 31/31 (OK: 508, Fail: 236)
[2026-03-29 12:21:08] SAVED 2017-10: 4,188,444 ticks, 326.3 MB
[2026-03-29 12:21:10] Downloading 2017-11...
[2026-03-29 12:25:11]   Day 5/30 (OK: 68, Fail: 52)
[2026-03-29 12:27:18]   Day 10/30 (OK: 182, Fail: 58)
[2026-03-29 12:31:20]   Day 15/30 (OK: 252, Fail: 108)
[2026-03-29 12:33:30]   Day 20/30 (OK: 321, Fail: 159)
[2026-03-29 12:36:52]   Day 25/30 (OK: 405, Fail: 195)
[2026-03-29 12:37:16]   WARNING: 50+ consecutive failures, possible rate limit
[2026-03-29 12:37:16]   Waiting 5 minutes...
[2026-03-29 12:43:45]   Day 30/30 (OK: 498, Fail: 222)
[2026-03-29 12:44:07] SAVED 2017-11: 4,462,560 ticks, 347.3 MB
[2026-03-29 12:44:09] SKIP 2017-12: Already exists
[2026-03-29 12:44:09] *** COMPLETED 156 MONTHS (2017) ***
[2026-03-29 12:44:09] Downloading 2018-01...
[2026-03-29 12:46:06]   Day 5/31 (OK: 92, Fail: 28)
[2026-03-29 12:48:22]   Day 10/31 (OK: 162, Fail: 78)
[2026-03-29 12:54:28]   Day 15/31 (OK: 228, Fail: 132)
[2026-03-29 12:56:36]   Day 20/31 (OK: 319, Fail: 161)
[2026-03-29 12:58:57]   Day 25/31 (OK: 412, Fail: 188)
[2026-03-29 13:01:27]   Day 30/31 (OK: 481, Fail: 239)
[2026-03-29 13:01:56]   Day 31/31 (OK: 504, Fail: 240)
[2026-03-29 13:02:18] SAVED 2018-01: 4,643,902 ticks, 362.1 MB
[2026-03-29 13:02:20] Downloading 2018-02...
[2026-03-29 13:05:14]   WARNING: 50+ consecutive failures, possible rate limit
[2026-03-29 13:05:14]   Waiting 5 minutes...
[2026-03-29 13:16:35]     Timeout, retry 1/5
[2026-03-29 13:17:02]   Day 5/28 (OK: 56, Fail: 64)
[2026-03-29 13:19:10]   Day 10/28 (OK: 147, Fail: 93)
[2026-03-29 13:22:17]   Day 15/28 (OK: 240, Fail: 120)
[2026-03-29 13:24:19]   Day 20/28 (OK: 306, Fail: 174)
[2026-03-29 13:26:37]   Day 25/28 (OK: 375, Fail: 225)
[2026-03-29 13:27:55]   Day 28/28 (OK: 444, Fail: 228)
[2026-03-29 13:28:17] SAVED 2018-02: 4,659,020 ticks, 364.7 MB
[2026-03-29 13:28:19] Downloading 2018-03...
[2026-03-29 13:30:25]   Day 5/31 (OK: 69, Fail: 51)
[2026-03-29 13:32:33]   Day 10/31 (OK: 160, Fail: 80)
[2026-03-29 13:34:39]   Day 15/31 (OK: 254, Fail: 106)
[2026-03-29 13:36:38]   Day 20/31 (OK: 323, Fail: 157)
[2026-03-29 13:38:20]   Day 25/31 (OK: 392, Fail: 208)
[2026-03-29 13:40:02]   Day 30/31 (OK: 482, Fail: 238)
[2026-03-29 13:40:22]   WARNING: 50+ consecutive failures, possible rate limit
[2026-03-29 13:40:22]   Waiting 5 minutes...
[2026-03-29 13:45:22]   Day 31/31 (OK: 482, Fail: 262)
[2026-03-29 13:45:40] SAVED 2018-03: 3,695,844 ticks, 289.9 MB
[2026-03-29 13:45:42] SKIP 2018-04: Already exists
[2026-03-29 13:45:42] Downloading 2018-05...
[2026-03-29 13:47:47]   Day 5/31 (OK: 90, Fail: 30)
[2026-03-29 13:49:56]   Day 10/31 (OK: 184, Fail: 56)
[2026-03-29 13:52:26]   Day 15/31 (OK: 253, Fail: 107)
[2026-03-29 13:57:12]   Day 20/31 (OK: 322, Fail: 158)
[2026-03-29 13:59:10]   Day 25/31 (OK: 435, Fail: 165)
[2026-03-29 14:01:20]   Day 30/31 (OK: 502, Fail: 218)
[2026-03-29 14:01:47]   Day 31/31 (OK: 525, Fail: 219)
[2026-03-29 14:01:59] SAVED 2018-05: 2,507,499 ticks, 197.0 MB
[2026-03-29 14:02:01] Downloading 2018-06...
[2026-03-29 14:04:15]   Day 5/30 (OK: 69, Fail: 51)
[2026-03-29 14:09:20]   Day 10/30 (OK: 138, Fail: 102)
[2026-03-29 14:11:22]   Day 15/30 (OK: 251, Fail: 109)
[2026-03-29 14:13:55]   Day 20/30 (OK: 309, Fail: 171)
[2026-03-29 14:17:15]   Day 25/30 (OK: 365, Fail: 235)
[2026-03-29 14:19:22]   Day 30/30 (OK: 455, Fail: 265)
[2026-03-29 14:19:32] SAVED 2018-06: 2,185,135 ticks, 171.6 MB
[2026-03-29 14:19:34] Downloading 2018-07...
[2026-03-29 14:21:50]   Day 5/31 (OK: 90, Fail: 30)
[2026-03-29 14:23:57]   Day 10/31 (OK: 159, Fail: 81)
[2026-03-29 14:28:04]   Day 15/31 (OK: 227, Fail: 133)
[2026-03-29 14:30:12]   Day 20/31 (OK: 340, Fail: 140)
[2026-03-29 14:32:16]   Day 25/31 (OK: 411, Fail: 189)
[2026-03-29 14:34:27]   Day 30/31 (OK: 480, Fail: 240)
[2026-03-29 14:34:55]   Day 31/31 (OK: 503, Fail: 241)
[2026-03-29 14:35:09] SAVED 2018-07: 2,849,505 ticks, 223.9 MB
[2026-03-29 14:35:11] Downloading 2018-08...
[2026-03-29 14:37:14]   Day 5/31 (OK: 69, Fail: 51)
[2026-03-29 14:39:22]   Day 10/31 (OK: 182, Fail: 58)
[2026-03-29 14:41:28]   Day 15/31 (OK: 253, Fail: 107)
[2026-03-29 14:43:35]   Day 20/31 (OK: 322, Fail: 158)
[2026-03-29 14:45:27]   Day 25/31 (OK: 412, Fail: 188)
[2026-03-29 14:48:45]   Day 30/31 (OK: 506, Fail: 214)
[2026-03-29 14:49:11]   Day 31/31 (OK: 527, Fail: 217)
[2026-03-29 14:49:25] SAVED 2018-08: 2,946,930 ticks, 231.3 MB
[2026-03-29 14:49:27] Downloading 2018-09...
[2026-03-29 14:51:39]   Day 5/30 (OK: 67, Fail: 53)
[2026-03-29 14:53:55]   Day 10/30 (OK: 136, Fail: 104)
[2026-03-29 14:56:03]   Day 15/30 (OK: 226, Fail: 134)
[2026-03-29 14:59:06]   Day 20/30 (OK: 320, Fail: 160)
[2026-03-29 15:01:00]   Day 25/30 (OK: 389, Fail: 211)
[2026-03-29 15:03:22]   Day 30/30 (OK: 458, Fail: 262)
[2026-03-29 15:03:33] SAVED 2018-09: 2,413,887 ticks, 189.6 MB
[2026-03-29 15:03:35] Downloading 2018-10...
[2026-03-29 15:05:40]   Day 5/31 (OK: 113, Fail: 7)
[2026-03-29 15:07:47]   Day 10/31 (OK: 184, Fail: 56)
[2026-03-29 15:13:17]   Day 15/31 (OK: 252, Fail: 108)
[2026-03-29 15:15:26]   Day 20/31 (OK: 342, Fail: 138)
[2026-03-29 15:20:46]   Day 25/31 (OK: 436, Fail: 164)
[2026-03-29 15:22:54]   Day 30/31 (OK: 505, Fail: 215)
[2026-03-29 15:23:20]   Day 31/31 (OK: 528, Fail: 216)
[2026-03-29 15:23:33] SAVED 2018-10: 2,949,164 ticks, 231.2 MB
[2026-03-29 15:23:36] Downloading 2018-11...
[2026-03-29 15:26:49]   Day 5/30 (OK: 65, Fail: 55)
[2026-03-29 15:28:56]   Day 10/30 (OK: 156, Fail: 84)
[2026-03-29 15:30:56]   Day 15/30 (OK: 249, Fail: 111)
[2026-03-29 15:32:38]   Day 20/30 (OK: 318, Fail: 162)
[2026-03-29 15:34:23]   WARNING: 50+ consecutive failures, possible rate limit
[2026-03-29 15:34:23]   Waiting 5 minutes...
[2026-03-29 15:39:25]   Day 25/30 (OK: 380, Fail: 220)
[2026-03-29 15:42:30]   Day 30/30 (OK: 494, Fail: 226)
[2026-03-29 15:42:40] SAVED 2018-11: 2,145,235 ticks, 168.7 MB
[2026-03-29 15:42:42] Downloading 2018-12...
[2026-03-29 15:44:48]   Day 5/31 (OK: 70, Fail: 50)
[2026-03-29 15:46:52]   Day 10/31 (OK: 139, Fail: 101)
[2026-03-29 15:48:59]   Day 15/31 (OK: 230, Fail: 130)
[2026-03-29 15:51:51]   Day 20/31 (OK: 323, Fail: 157)
[2026-03-29 15:54:25]   Day 25/31 (OK: 366, Fail: 234)
[2026-03-29 15:56:32]   Day 30/31 (OK: 435, Fail: 285)
[2026-03-29 15:56:57]   Day 31/31 (OK: 457, Fail: 287)
[2026-03-29 15:57:07] SAVED 2018-12: 1,979,716 ticks, 155.7 MB
[2026-03-29 15:57:09] *** COMPLETED 168 MONTHS (2018) ***
[2026-03-29 15:57:09] Downloading 2019-01...
[2026-03-29 16:03:15]   Day 5/31 (OK: 69, Fail: 51)
[2026-03-29 16:05:16]   Day 10/31 (OK: 162, Fail: 78)
[2026-03-29 16:07:34]   Day 15/31 (OK: 231, Fail: 129)
[2026-03-29 16:09:40]   Day 20/31 (OK: 300, Fail: 180)
[2026-03-29 16:14:24]   Day 25/31 (OK: 410, Fail: 190)
[2026-03-29 16:16:34]   Day 30/31 (OK: 480, Fail: 240)
[2026-03-29 16:16:59]   Day 31/31 (OK: 503, Fail: 241)
[2026-03-29 16:17:09] SAVED 2019-01: 2,118,620 ticks, 166.5 MB
[2026-03-29 16:17:11] Downloading 2019-02...
[2026-03-29 16:20:20]   Day 5/28 (OK: 69, Fail: 51)
[2026-03-29 16:22:47]   Day 10/28 (OK: 138, Fail: 102)
[2026-03-29 16:24:59]   Day 15/28 (OK: 252, Fail: 108)
[2026-03-29 16:27:08]   Day 20/28 (OK: 318, Fail: 162)
[2026-03-29 16:29:16]   Day 25/28 (OK: 387, Fail: 213)
[2026-03-29 16:30:32]   Day 28/28 (OK: 456, Fail: 216)
[2026-03-29 16:30:40] SAVED 2019-02: 1,739,405 ticks, 136.9 MB
[2026-03-29 16:30:42] Downloading 2019-03...
[2026-03-29 16:32:54]   Day 5/31 (OK: 69, Fail: 51)
[2026-03-29 16:35:52]   Day 10/31 (OK: 139, Fail: 101)
[2026-03-29 16:38:00]   Day 15/31 (OK: 252, Fail: 108)
[2026-03-29 16:40:15]   Day 20/31 (OK: 323, Fail: 157)
[2026-03-29 16:42:30]   Day 25/31 (OK: 392, Fail: 208)
[2026-03-29 16:44:38]   Day 30/31 (OK: 482, Fail: 238)
[2026-03-29 16:45:54]   Day 31/31 (OK: 484, Fail: 260)
[2026-03-29 16:46:05] SAVED 2019-03: 2,355,615 ticks, 185.8 MB
[2026-03-29 16:46:07] Downloading 2019-04...
[2026-03-29 16:48:14]   Day 5/30 (OK: 113, Fail: 7)
[2026-03-29 16:50:22]   Day 10/30 (OK: 184, Fail: 56)
[2026-03-29 16:52:26]   Day 15/30 (OK: 253, Fail: 107)
[2026-03-29 16:54:11]   WARNING: 50+ consecutive failures, possible rate limit
[2026-03-29 16:54:11]   Waiting 5 minutes...
[2026-03-29 16:59:11]   Day 20/30 (OK: 320, Fail: 160)
[2026-03-29 17:01:21]   Day 25/30 (OK: 414, Fail: 186)
[2026-03-29 17:03:27]   Day 30/30 (OK: 483, Fail: 237)
[2026-03-29 17:03:36] SAVED 2019-04: 1,948,157 ticks, 153.5 MB
[2026-03-29 17:03:38] SKIP 2019-05: Already exists
[2026-03-29 17:03:38] Downloading 2019-06...
[2026-03-29 17:05:49]   Day 5/30 (OK: 71, Fail: 49)
[2026-03-29 17:07:59]   Day 10/30 (OK: 140, Fail: 100)
[2026-03-29 17:10:06]   Day 15/30 (OK: 230, Fail: 130)
[2026-03-29 17:12:19]   Day 20/30 (OK: 324, Fail: 156)
[2026-03-29 17:14:41]   Day 25/30 (OK: 393, Fail: 207)
[2026-03-29 17:16:51]   Day 30/30 (OK: 462, Fail: 258)
[2026-03-29 17:17:07] SAVED 2019-06: 3,508,252 ticks, 276.5 MB
[2026-03-29 17:17:09] Downloading 2019-07...
[2026-03-29 17:19:35]   Day 5/31 (OK: 112, Fail: 8)
[2026-03-29 17:21:48]   Day 10/31 (OK: 183, Fail: 57)
[2026-03-29 17:25:39]   Day 15/31 (OK: 252, Fail: 108)
[2026-03-29 17:29:10]   Day 20/31 (OK: 342, Fail: 138)
[2026-03-29 17:31:16]   Day 25/31 (OK: 436, Fail: 164)
[2026-03-29 17:33:18]   Day 30/31 (OK: 505, Fail: 215)
[2026-03-29 17:33:35]   Day 31/31 (OK: 528, Fail: 216)
[2026-03-29 17:33:56] SAVED 2019-07: 3,586,221 ticks, 282.6 MB
[2026-03-29 17:33:58] Downloading 2019-08...
[2026-03-29 17:36:49]   Day 5/31 (OK: 68, Fail: 52)
[2026-03-29 17:38:52]   Day 10/31 (OK: 158, Fail: 82)
[2026-03-29 17:41:04]   Day 15/31 (OK: 252, Fail: 108)
[2026-03-29 17:43:12]   Day 20/31 (OK: 321, Fail: 159)
[2026-03-29 17:45:30]   Day 25/31 (OK: 390, Fail: 210)
[2026-03-29 17:47:39]   Day 30/31 (OK: 503, Fail: 217)
[2026-03-29 17:48:03]   Day 31/31 (OK: 503, Fail: 241)
[2026-03-29 17:48:32] SAVED 2019-08: 4,724,517 ticks, 373.4 MB
[2026-03-29 17:48:34] Downloading 2019-09...
[2026-03-29 17:50:41]   Day 5/30 (OK: 92, Fail: 28)
[2026-03-29 17:52:44]   Day 10/30 (OK: 161, Fail: 79)
[2026-03-29 17:54:53]   Day 15/30 (OK: 230, Fail: 130)
[2026-03-29 17:57:00]   Day 20/30 (OK: 343, Fail: 137)
[2026-03-29 17:59:08]   Day 25/30 (OK: 414, Fail: 186)
[2026-03-29 18:01:53]   Day 30/30 (OK: 482, Fail: 238)
[2026-03-29 18:02:17] SAVED 2019-09: 4,041,296 ticks, 317.7 MB
[2026-03-29 18:02:19] Downloading 2019-10...
[2026-03-29 18:04:31]   Day 5/31 (OK: 90, Fail: 30)
[2026-03-29 18:07:49]   Day 10/31 (OK: 171, Fail: 69)
[2026-03-29 18:09:59]   Day 15/31 (OK: 240, Fail: 120)
[2026-03-29 18:12:19]   Day 20/31 (OK: 309, Fail: 171)
[2026-03-29 18:14:29]   Day 25/31 (OK: 422, Fail: 178)
[2026-03-29 18:16:29]   Day 30/31 (OK: 493, Fail: 227)
[2026-03-29 18:16:54]   Day 31/31 (OK: 516, Fail: 228)
[2026-03-29 18:17:23] SAVED 2019-10: 4,442,495 ticks, 349.3 MB
[2026-03-29 18:17:25] Downloading 2019-11...
[2026-03-29 18:19:28]   Day 5/30 (OK: 68, Fail: 52)
[2026-03-29 18:21:33]   Day 10/30 (OK: 137, Fail: 103)
[2026-03-29 18:23:40]   Day 15/30 (OK: 251, Fail: 109)
[2026-03-29 18:25:48]   Day 20/30 (OK: 321, Fail: 159)
[2026-03-29 18:29:03]   Day 25/30 (OK: 390, Fail: 210)
[2026-03-29 18:31:07]   Day 30/30 (OK: 476, Fail: 244)
[2026-03-29 18:31:26] SAVED 2019-11: 2,970,095 ticks, 232.8 MB
[2026-03-29 18:31:28] Downloading 2019-12...
[2026-03-29 18:33:37]   Day 5/31 (OK: 93, Fail: 27)
[2026-03-29 18:35:44]   Day 10/31 (OK: 162, Fail: 78)
[2026-03-29 18:38:15]   Day 15/31 (OK: 231, Fail: 129)
[2026-03-29 18:43:10]   Day 20/31 (OK: 345, Fail: 135)
[2026-03-29 18:45:22]   Day 25/31 (OK: 389, Fail: 211)
[2026-03-29 18:48:18]   Day 30/31 (OK: 458, Fail: 262)
[2026-03-29 18:48:43]   Day 31/31 (OK: 480, Fail: 264)
[2026-03-29 18:48:58] SAVED 2019-12: 2,569,542 ticks, 201.6 MB
[2026-03-29 18:49:00] *** COMPLETED 180 MONTHS (2019) ***
[2026-03-29 18:49:00] SKIP 2020-01: Already exists
[2026-03-29 18:49:00] Downloading 2020-02...
[2026-03-29 18:51:05]   Day 5/29 (OK: 70, Fail: 50)
[2026-03-29 18:57:52]   Day 10/29 (OK: 139, Fail: 101)
[2026-03-29 18:59:59]   Day 15/29 (OK: 230, Fail: 130)
[2026-03-29 19:02:04]   Day 20/29 (OK: 319, Fail: 161)
[2026-03-29 19:04:11]   Day 25/29 (OK: 388, Fail: 212)
[2026-03-29 19:06:03]   Day 29/29 (OK: 456, Fail: 240)
[2026-03-29 19:06:26] SAVED 2020-02: 4,658,254 ticks, 365.8 MB
[2026-03-29 19:06:28] Downloading 2020-03...
[2026-03-29 19:13:02]   Day 5/31 (OK: 93, Fail: 27)
[2026-03-29 19:15:11]   Day 10/31 (OK: 163, Fail: 77)
[2026-03-29 19:17:25]   Day 15/31 (OK: 232, Fail: 128)
[2026-03-29 19:19:36]   Day 20/31 (OK: 345, Fail: 135)
[2026-03-29 19:22:29]   Day 25/31 (OK: 416, Fail: 184)
[2026-03-29 19:24:18]   Day 30/31 (OK: 485, Fail: 235)
[2026-03-29 19:24:40]   Day 31/31 (OK: 508, Fail: 236)
[2026-03-29 19:25:16] SAVED 2020-03: 6,631,554 ticks, 520.0 MB
[2026-03-29 19:25:18] Downloading 2020-04...
[2026-03-29 19:27:37]   Day 5/30 (OK: 69, Fail: 51)
[2026-03-29 19:29:16]   Day 10/30 (OK: 159, Fail: 81)
[2026-03-29 19:29:35]   WARNING: 50+ consecutive failures, possible rate limit
[2026-03-29 19:29:35]   Waiting 5 minutes...
[2026-03-29 19:36:09]   Day 15/30 (OK: 230, Fail: 130)
[2026-03-29 19:38:15]   Day 20/30 (OK: 299, Fail: 181)
[2026-03-29 19:40:28]   Day 25/30 (OK: 389, Fail: 211)
[2026-03-29 19:42:43]   Day 30/30 (OK: 483, Fail: 237)
[2026-03-29 19:43:02] SAVED 2020-04: 3,750,430 ticks, 294.0 MB
[2026-03-29 19:43:04] Downloading 2020-05...
[2026-03-29 19:45:12]   Day 5/31 (OK: 69, Fail: 51)
[2026-03-29 19:48:32]   Day 10/31 (OK: 138, Fail: 102)
[2026-03-29 21:22:30]     Connection error, retry 1/5
[2026-03-29 21:23:49]   Day 15/31 (OK: 251, Fail: 109)
[2026-03-29 21:26:15]   Day 20/31 (OK: 322, Fail: 158)
[2026-03-29 21:28:36]   Day 25/31 (OK: 387, Fail: 213)
[2026-03-29 21:30:48]   Day 30/31 (OK: 477, Fail: 243)
[2026-03-29 21:31:15]   Day 31/31 (OK: 479, Fail: 265)
[2026-03-29 21:31:36] SAVED 2020-05: 4,179,413 ticks, 328.6 MB
[2026-03-29 21:31:38] Downloading 2020-06...
[2026-03-29 21:36:49]   Day 5/30 (OK: 113, Fail: 7)
[2026-03-29 21:39:05]   Day 10/30 (OK: 184, Fail: 56)
[2026-03-29 21:42:28]   Day 15/30 (OK: 251, Fail: 109)
[2026-03-29 21:44:50]   Day 20/30 (OK: 341, Fail: 139)
[2026-03-29 21:47:10]   Day 25/30 (OK: 435, Fail: 165)
[2026-03-29 21:49:23]   Day 30/30 (OK: 504, Fail: 216)
[2026-03-29 21:49:44] SAVED 2020-06: 4,538,646 ticks, 356.7 MB
[2026-03-29 21:49:46] Downloading 2020-07...
[2026-03-29 21:51:27]   WARNING: 50+ consecutive failures, possible rate limit
[2026-03-29 21:51:27]   Waiting 5 minutes...
[2026-03-29 21:56:32]   Day 5/31 (OK: 65, Fail: 55)
[2026-03-29 21:58:55]   Day 10/31 (OK: 178, Fail: 62)
[2026-03-29 22:02:08]   Day 15/31 (OK: 249, Fail: 111)
[2026-03-29 22:04:11]   Day 20/31 (OK: 318, Fail: 162)
[2026-03-29 22:07:12]   Day 25/31 (OK: 408, Fail: 192)
[2026-03-29 22:09:33]   Day 30/31 (OK: 502, Fail: 218)
[2026-03-29 22:09:54]   Day 31/31 (OK: 523, Fail: 221)
[2026-03-29 22:10:22] SAVED 2020-07: 4,726,565 ticks, 371.6 MB
[2026-03-29 22:10:24] SKIP 2020-08: Already exists
[2026-03-29 22:10:24] Downloading 2020-09...
[2026-03-29 22:12:45]   Day 5/30 (OK: 90, Fail: 30)
[2026-03-29 22:15:32]   Day 10/30 (OK: 180, Fail: 60)
[2026-03-29 22:17:50]   Day 15/30 (OK: 249, Fail: 111)
[2026-03-29 22:20:18]   Day 20/30 (OK: 318, Fail: 162)
[2026-03-29 22:23:52]   Day 25/30 (OK: 430, Fail: 170)
[2026-03-29 22:26:08]   Day 30/30 (OK: 501, Fail: 219)
[2026-03-29 22:26:43] SAVED 2020-09: 5,134,559 ticks, 403.5 MB
[2026-03-29 22:26:45] Downloading 2020-10...
[2026-03-29 22:29:15]   Day 5/31 (OK: 69, Fail: 51)
[2026-03-29 22:31:30]   Day 10/31 (OK: 159, Fail: 81)
[2026-03-29 22:33:48]   Day 15/31 (OK: 253, Fail: 107)
[2026-03-29 22:36:08]   Day 20/31 (OK: 322, Fail: 158)
[2026-03-29 22:38:20]   Day 25/31 (OK: 391, Fail: 209)
[2026-03-29 22:40:31]   Day 30/31 (OK: 504, Fail: 216)
[2026-03-29 22:40:51]   Day 31/31 (OK: 504, Fail: 240)
[2026-03-29 22:41:18] SAVED 2020-10: 4,248,307 ticks, 334.1 MB
[2026-03-29 22:41:21] Downloading 2020-11...
[2026-03-29 22:43:43]   Day 5/30 (OK: 93, Fail: 27)
[2026-03-29 22:46:17]   Day 10/30 (OK: 162, Fail: 78)
[2026-03-29 22:52:52]   Day 15/30 (OK: 231, Fail: 129)
[2026-03-29 22:55:06]   Day 20/30 (OK: 345, Fail: 135)
[2026-03-29 22:58:26]   Day 25/30 (OK: 414, Fail: 186)
[2026-03-29 22:59:48]   WARNING: 50+ consecutive failures, possible rate limit
[2026-03-29 22:59:48]   Waiting 5 minutes...
[2026-03-29 23:07:03]   Day 30/30 (OK: 476, Fail: 244)
[2026-03-29 23:07:24] SAVED 2020-11: 4,244,209 ticks, 333.7 MB
[2026-03-29 23:07:26] Downloading 2020-12...
[2026-03-29 23:09:54]   Day 5/31 (OK: 91, Fail: 29)
[2026-03-29 23:12:16]   Day 10/31 (OK: 184, Fail: 56)
[2026-03-29 23:14:33]   Day 15/31 (OK: 253, Fail: 107)
[2026-03-29 23:17:59]   Day 20/31 (OK: 322, Fail: 158)
[2026-03-29 23:20:00]   Day 25/31 (OK: 410, Fail: 190)
[2026-03-29 23:20:20]   WARNING: 50+ consecutive failures, possible rate limit
[2026-03-29 23:20:20]   Waiting 5 minutes...
[2026-03-29 23:27:05]   Day 30/31 (OK: 480, Fail: 240)
[2026-03-29 23:27:30]   Day 31/31 (OK: 502, Fail: 242)
[2026-03-29 23:27:51] SAVED 2020-12: 3,668,950 ticks, 288.5 MB
[2026-03-29 23:27:53] *** COMPLETED 192 MONTHS (2020) ***
[2026-03-29 23:27:53] SKIP 2021-01: Already exists
[2026-03-29 23:27:53] Downloading 2021-02...
[2026-03-29 23:33:07]   Day 5/28 (OK: 114, Fail: 6)
[2026-03-29 23:35:26]   Day 10/28 (OK: 184, Fail: 56)
[2026-03-29 23:38:57]   Day 15/28 (OK: 249, Fail: 111)
[2026-03-29 23:41:19]   Day 20/28 (OK: 340, Fail: 140)
[2026-03-29 23:43:41]   Day 25/28 (OK: 433, Fail: 167)
[2026-03-29 23:44:55]   Day 28/28 (OK: 456, Fail: 216)
[2026-03-29 23:45:21] SAVED 2021-02: 5,262,811 ticks, 411.0 MB
[2026-03-29 23:45:23] Downloading 2021-03...
[2026-03-29 23:47:42]   Day 5/31 (OK: 114, Fail: 6)
[2026-03-29 23:49:51]   Day 10/31 (OK: 184, Fail: 56)
[2026-03-29 23:52:19]   Day 15/31 (OK: 254, Fail: 106)
[2026-03-29 23:54:42]   Day 20/31 (OK: 344, Fail: 136)
[2026-03-29 23:56:51]   Day 25/31 (OK: 438, Fail: 162)
[2026-03-29 23:59:05]   Day 30/31 (OK: 507, Fail: 213)
[2026-03-29 23:59:33]   Day 31/31 (OK: 530, Fail: 214)
[2026-03-30 00:00:05] SAVED 2021-03: 6,482,901 ticks, 509.5 MB
[2026-03-30 00:00:08] Downloading 2021-04...
[2026-03-30 00:01:21]   WARNING: 50+ consecutive failures, possible rate limit
[2026-03-30 00:01:21]   Waiting 5 minutes...
[2026-03-30 06:53:50]   Day 5/30 (OK: 46, Fail: 74)
[2026-03-30 06:56:02]   Day 10/30 (OK: 136, Fail: 104)
[2026-03-30 06:58:09]   Day 15/30 (OK: 230, Fail: 130)
[2026-03-30 07:00:16]   Day 20/30 (OK: 299, Fail: 181)
[2026-03-30 07:03:43]   Day 25/30 (OK: 368, Fail: 232)
[2026-03-30 07:05:48]   Day 30/30 (OK: 481, Fail: 239)
[2026-03-30 07:06:08] SAVED 2021-04: 4,327,365 ticks, 340.3 MB
[2026-03-30 07:06:10] SKIP 2021-05: Already exists
[2026-03-30 07:06:10] Downloading 2021-06...
[2026-03-30 07:08:29]   Day 5/30 (OK: 90, Fail: 30)
[2026-03-30 07:10:44]   Day 10/30 (OK: 184, Fail: 56)
[2026-03-30 07:15:05]   Day 15/30 (OK: 253, Fail: 107)
[2026-03-30 07:17:22]   Day 20/30 (OK: 322, Fail: 158)
[2026-03-30 07:22:33]   Day 25/30 (OK: 435, Fail: 165)
[2026-03-30 07:24:33]   Day 30/30 (OK: 506, Fail: 214)
[2026-03-30 07:24:53] SAVED 2021-06: 4,510,947 ticks, 352.4 MB
[2026-03-30 07:24:55] Downloading 2021-07...
[2026-03-30 07:27:19]   Day 5/31 (OK: 65, Fail: 55)
[2026-03-30 07:29:35]   Day 10/31 (OK: 155, Fail: 85)
[2026-03-30 07:31:50]   Day 15/31 (OK: 249, Fail: 111)
[2026-03-30 07:34:15]   Day 20/31 (OK: 318, Fail: 162)
[2026-03-30 07:36:31]   Day 25/31 (OK: 387, Fail: 213)
[2026-03-30 07:39:42]   Day 30/31 (OK: 500, Fail: 220)
[2026-03-30 07:40:09]   Day 31/31 (OK: 500, Fail: 244)
[2026-03-30 07:40:30] SAVED 2021-07: 3,462,270 ticks, 270.7 MB
[2026-03-30 07:40:32] Downloading 2021-08...
[2026-03-30 07:42:53]   Day 5/31 (OK: 94, Fail: 26)
[2026-03-30 07:47:05]   Day 10/31 (OK: 163, Fail: 77)
[2026-03-30 07:49:21]   Day 15/31 (OK: 232, Fail: 128)
[2026-03-30 07:51:40]   Day 20/31 (OK: 345, Fail: 135)
[2026-03-30 07:54:07]   Day 25/31 (OK: 416, Fail: 184)
[2026-03-30 07:56:28]   Day 30/31 (OK: 485, Fail: 235)
[2026-03-30 07:56:51]   Day 31/31 (OK: 508, Fail: 236)
[2026-03-30 07:57:12] SAVED 2021-08: 3,458,443 ticks, 270.9 MB
[2026-03-30 07:57:14] Downloading 2021-09...
[2026-03-30 07:59:37]   Day 5/30 (OK: 69, Fail: 51)
[2026-03-30 08:04:03]   Day 10/30 (OK: 176, Fail: 64)
[2026-03-30 08:06:10]   Day 15/30 (OK: 247, Fail: 113)
[2026-03-30 08:08:35]   Day 20/30 (OK: 316, Fail: 164)
[2026-03-30 08:10:58]   Day 25/30 (OK: 406, Fail: 194)
[2026-03-30 08:13:12]   Day 30/30 (OK: 500, Fail: 220)
[2026-03-30 08:13:34] SAVED 2021-09: 4,362,794 ticks, 342.8 MB
[2026-03-30 08:13:36] Downloading 2021-10...
[2026-03-30 08:15:47]   Day 5/31 (OK: 69, Fail: 51)
[2026-03-30 08:18:02]   Day 10/31 (OK: 138, Fail: 102)
[2026-03-30 08:20:18]   Day 15/31 (OK: 251, Fail: 109)
[2026-03-30 08:23:34]   Day 20/31 (OK: 322, Fail: 158)
[2026-03-30 08:25:51]   Day 25/31 (OK: 391, Fail: 209)
[2026-03-30 08:28:11]   Day 30/31 (OK: 481, Fail: 239)
[2026-03-30 08:29:35]   Day 31/31 (OK: 483, Fail: 261)
[2026-03-30 08:29:55] SAVED 2021-10: 4,170,152 ticks, 326.7 MB
[2026-03-30 08:29:58] Downloading 2021-11...
[2026-03-30 08:32:09]   Day 5/30 (OK: 113, Fail: 7)
[2026-03-30 08:36:16]   Day 10/30 (OK: 183, Fail: 57)
[2026-03-30 08:41:43]   Day 15/30 (OK: 251, Fail: 109)
[2026-03-30 08:43:58]   Day 20/30 (OK: 342, Fail: 138)
[2026-03-30 08:46:14]   Day 25/30 (OK: 431, Fail: 169)
[2026-03-30 08:47:28]   WARNING: 50+ consecutive failures, possible rate limit
[2026-03-30 08:47:28]   Waiting 5 minutes...
[2026-03-30 08:53:13]   Day 30/30 (OK: 497, Fail: 223)
[2026-03-30 08:53:33] SAVED 2021-11: 4,148,817 ticks, 325.2 MB
[2026-03-30 08:53:35] Downloading 2021-12...
[2026-03-30 08:55:56]   Day 5/31 (OK: 69, Fail: 51)
[2026-03-30 08:58:09]   Day 10/31 (OK: 183, Fail: 57)
[2026-03-30 09:00:23]   Day 15/31 (OK: 253, Fail: 107)
[2026-03-30 09:02:32]   Day 20/31 (OK: 322, Fail: 158)
[2026-03-30 09:04:47]   Day 25/31 (OK: 390, Fail: 210)
[2026-03-30 09:04:48]   WARNING: 50+ consecutive failures, possible rate limit
[2026-03-30 09:04:48]   Waiting 5 minutes...
[2026-03-30 09:11:55]   Day 30/31 (OK: 483, Fail: 237)
[2026-03-30 09:12:29]   Day 31/31 (OK: 505, Fail: 239)
[2026-03-30 09:12:49] SAVED 2021-12: 3,436,395 ticks, 269.7 MB
[2026-03-30 09:12:51] *** COMPLETED 204 MONTHS (2021) ***
[2026-03-30 09:12:51] SKIP 2022-01: Already exists
[2026-03-30 09:12:51] Downloading 2022-02...
[2026-03-30 09:17:10]   Day 5/28 (OK: 89, Fail: 31)
[2026-03-30 09:19:27]   Day 10/28 (OK: 182, Fail: 58)
[2026-03-30 09:21:40]   Day 15/28 (OK: 251, Fail: 109)
[2026-03-30 09:23:55]   Day 20/28 (OK: 320, Fail: 160)
[2026-03-30 09:27:11]   Day 25/28 (OK: 432, Fail: 168)
[2026-03-30 09:28:35]   Day 28/28 (OK: 456, Fail: 216)
[2026-03-30 09:29:04] SAVED 2022-02: 4,910,230 ticks, 384.2 MB
[2026-03-30 09:29:06] Downloading 2022-03...
[2026-03-30 09:34:06]   Day 5/31 (OK: 91, Fail: 29)
[2026-03-30 09:36:31]   Day 10/31 (OK: 184, Fail: 56)
[2026-03-30 09:42:48]   Day 15/31 (OK: 215, Fail: 145)
[2026-03-30 09:46:10]   Day 20/31 (OK: 275, Fail: 205)
[2026-03-30 09:48:21]   Day 25/31 (OK: 388, Fail: 212)
[2026-03-30 09:52:43]   Day 30/31 (OK: 459, Fail: 261)
[2026-03-30 09:53:09]   Day 31/31 (OK: 482, Fail: 262)
[2026-03-30 09:53:37] SAVED 2022-03: 5,708,633 ticks, 448.3 MB
[2026-03-30 09:53:39] Downloading 2022-04...
[2026-03-30 09:55:44]   Day 5/30 (OK: 69, Fail: 51)
[2026-03-30 10:00:09]   Day 10/30 (OK: 138, Fail: 102)
[2026-03-30 10:02:28]   Day 15/30 (OK: 228, Fail: 132)
[2026-03-30 10:02:55]   WARNING: 50+ consecutive failures, possible rate limit
[2026-03-30 10:02:55]   Waiting 5 minutes...
[2026-03-30 10:09:27]   Day 20/30 (OK: 299, Fail: 181)
[2026-03-30 10:11:36]   Day 25/30 (OK: 368, Fail: 232)
[2026-03-30 10:15:46]   Day 30/30 (OK: 458, Fail: 262)
[2026-03-30 10:16:09] SAVED 2022-04: 4,697,480 ticks, 368.5 MB
[2026-03-30 10:16:11] Downloading 2022-05...
[2026-03-30 10:18:19]   Day 5/31 (OK: 94, Fail: 26)
[2026-03-30 10:20:24]   Day 10/31 (OK: 163, Fail: 77)
[2026-03-30 10:22:47]   Day 15/31 (OK: 232, Fail: 128)
[2026-03-30 10:25:30]   Day 20/31 (OK: 345, Fail: 135)
[2026-03-30 10:27:56]   Day 25/31 (OK: 416, Fail: 184)
[2026-03-30 10:30:14]   Day 30/31 (OK: 483, Fail: 237)
[2026-03-30 10:30:35]   Day 31/31 (OK: 500, Fail: 244)
[2026-03-30 10:30:55] SAVED 2022-05: 4,597,113 ticks, 361.6 MB
[2026-03-30 10:30:57] Downloading 2022-06...
[2026-03-30 10:33:29]   Day 5/30 (OK: 69, Fail: 51)
[2026-03-30 10:35:39]   Day 10/30 (OK: 182, Fail: 58)
[2026-03-30 10:39:52]   Day 15/30 (OK: 253, Fail: 107)
[2026-03-30 10:42:08]   Day 20/30 (OK: 320, Fail: 160)
[2026-03-30 10:44:29]   Day 25/30 (OK: 410, Fail: 190)
[2026-03-30 10:46:51]   Day 30/30 (OK: 504, Fail: 216)
[2026-03-30 10:47:11] SAVED 2022-06: 4,139,069 ticks, 325.7 MB
[2026-03-30 10:47:13] Downloading 2022-07...
[2026-03-30 10:51:22]   Day 5/31 (OK: 67, Fail: 53)
[2026-03-30 10:53:35]   Day 10/31 (OK: 136, Fail: 104)
[2026-03-30 10:56:36]   Day 15/31 (OK: 248, Fail: 112)
[2026-03-30 10:58:52]   Day 20/31 (OK: 319, Fail: 161)
[2026-03-30 11:03:02]   Day 25/31 (OK: 383, Fail: 217)
[2026-03-30 11:05:22]   Day 30/31 (OK: 473, Fail: 247)
[2026-03-30 11:05:50]   Day 31/31 (OK: 475, Fail: 269)
[2026-03-30 11:06:11] SAVED 2022-07: 4,347,042 ticks, 341.8 MB
[2026-03-30 11:06:13] Downloading 2022-08...
[2026-03-30 11:08:42]   Day 5/31 (OK: 113, Fail: 7)
[2026-03-30 11:11:00]   Day 10/31 (OK: 184, Fail: 56)
[2026-03-30 11:14:08]   Day 15/31 (OK: 253, Fail: 107)
[2026-03-30 11:16:25]   Day 20/31 (OK: 343, Fail: 137)
[2026-03-30 11:20:40]   Day 25/31 (OK: 437, Fail: 163)
[2026-03-30 11:22:53]   Day 30/31 (OK: 506, Fail: 214)
[2026-03-30 11:23:21]   Day 31/31 (OK: 529, Fail: 215)
[2026-03-30 11:23:41] SAVED 2022-08: 4,288,324 ticks, 336.6 MB
[2026-03-30 11:23:43] Downloading 2022-09...
[2026-03-30 11:28:04]   Day 5/30 (OK: 67, Fail: 53)
[2026-03-30 11:30:11]   Day 10/30 (OK: 157, Fail: 83)
[2026-03-30 11:32:17]   Day 15/30 (OK: 251, Fail: 109)
[2026-03-30 11:34:42]   Day 20/30 (OK: 320, Fail: 160)
[2026-03-30 11:37:00]   Day 25/30 (OK: 389, Fail: 211)
[2026-03-30 11:39:18]   Day 30/30 (OK: 502, Fail: 218)
[2026-03-30 11:39:43] SAVED 2022-09: 5,029,415 ticks, 395.3 MB
[2026-03-30 11:39:45] Downloading 2022-10...
[2026-03-30 11:41:58]   Day 5/31 (OK: 71, Fail: 49)
[2026-03-30 11:44:08]   Day 10/31 (OK: 140, Fail: 100)
[2026-03-30 11:46:23]   Day 15/31 (OK: 230, Fail: 130)
[2026-03-30 11:48:43]   Day 20/31 (OK: 324, Fail: 156)
[2026-03-30 11:52:06]   Day 25/31 (OK: 392, Fail: 208)
[2026-03-30 11:54:28]   Day 30/31 (OK: 461, Fail: 259)
[2026-03-30 11:54:57]   Day 31/31 (OK: 484, Fail: 260)
[2026-03-30 11:55:18] SAVED 2022-10: 4,493,601 ticks, 352.9 MB
[2026-03-30 11:55:20] Downloading 2022-11...
[2026-03-30 11:57:37]   Day 5/30 (OK: 90, Fail: 30)
[2026-03-30 11:59:47]   Day 10/30 (OK: 183, Fail: 57)
[2026-03-30 12:01:54]   Day 15/30 (OK: 252, Fail: 108)
[2026-03-30 12:04:18]   Day 20/30 (OK: 321, Fail: 159)
[2026-03-30 12:06:39]   Day 25/30 (OK: 430, Fail: 170)
[2026-03-30 12:07:31]   WARNING: 50+ consecutive failures, possible rate limit
[2026-03-30 12:07:31]   Waiting 5 minutes...
[2026-03-30 12:14:02]   Day 30/30 (OK: 498, Fail: 222)
[2026-03-30 12:14:24] SAVED 2022-11: 3,634,626 ticks, 284.6 MB
[2026-03-30 12:14:26] SKIP 2022-12: Already exists
[2026-03-30 12:14:26] *** COMPLETED 216 MONTHS (2022) ***
[2026-03-30 12:14:26] Downloading 2023-01...
[2026-03-30 12:16:37]   Day 5/31 (OK: 70, Fail: 50)
[2026-03-30 12:19:55]   Day 10/31 (OK: 138, Fail: 102)
[2026-03-30 12:22:08]   Day 15/31 (OK: 207, Fail: 153)
[2026-03-30 12:26:20]   Day 20/31 (OK: 317, Fail: 163)
[2026-03-30 12:28:20]   Day 25/31 (OK: 387, Fail: 213)
[2026-03-30 12:30:27]   Day 30/31 (OK: 456, Fail: 264)
[2026-03-30 12:30:53]   Day 31/31 (OK: 479, Fail: 265)
[2026-03-30 12:31:10] SAVED 2023-01: 3,600,835 ticks, 282.3 MB
[2026-03-30 12:31:12] Downloading 2023-02...
[2026-03-30 12:33:31]   Day 5/28 (OK: 69, Fail: 51)
[2026-03-30 12:35:58]   Day 10/28 (OK: 183, Fail: 57)
[2026-03-30 12:39:58]   Day 15/28 (OK: 253, Fail: 107)
[2026-03-30 12:42:21]   Day 20/28 (OK: 320, Fail: 160)
[2026-03-30 12:44:37]   Day 25/28 (OK: 411, Fail: 189)
[2026-03-30 12:45:54]   Day 28/28 (OK: 458, Fail: 214)
[2026-03-30 12:46:12] SAVED 2023-02: 3,236,027 ticks, 253.7 MB
[2026-03-30 12:46:14] Downloading 2023-03...
[2026-03-30 12:48:22]   Day 5/31 (OK: 69, Fail: 51)
[2026-03-30 12:50:37]   Day 10/31 (OK: 183, Fail: 57)
[2026-03-30 12:53:02]   Day 15/31 (OK: 254, Fail: 106)
[2026-03-30 12:56:23]   Day 20/31 (OK: 323, Fail: 157)
[2026-03-30 12:58:46]   Day 25/31 (OK: 413, Fail: 187)
[2026-03-30 13:01:05]   Day 30/31 (OK: 507, Fail: 213)
[2026-03-30 13:01:27]   Day 31/31 (OK: 528, Fail: 216)
[2026-03-30 13:01:50] SAVED 2023-03: 4,462,318 ticks, 349.9 MB
[2026-03-30 13:01:52] Downloading 2023-04...
[2026-03-30 13:04:06]   Day 5/30 (OK: 71, Fail: 49)
[2026-03-30 13:05:21]   WARNING: 50+ consecutive failures, possible rate limit
[2026-03-30 13:05:21]   Waiting 5 minutes...
[2026-03-30 13:11:00]   Day 10/30 (OK: 117, Fail: 123)
[2026-03-30 13:12:29]   Day 15/30 (OK: 207, Fail: 153)
[2026-03-30 13:15:25]   Day 20/30 (OK: 301, Fail: 179)
[2026-03-30 13:18:01]   Day 25/30 (OK: 370, Fail: 230)
[2026-03-30 13:20:59]     Timeout, retry 1/5
[2026-03-30 13:22:41]   Day 30/30 (OK: 439, Fail: 281)
[2026-03-30 13:22:55] SAVED 2023-04: 2,957,363 ticks, 232.5 MB
[2026-03-30 13:22:57] Downloading 2023-05...
[2026-03-30 13:25:12]   Day 5/31 (OK: 113, Fail: 7)
[2026-03-30 13:27:26]   Day 10/31 (OK: 184, Fail: 56)
[2026-03-30 13:29:37]   Day 15/31 (OK: 253, Fail: 107)
[2026-03-30 13:32:13]   Day 20/31 (OK: 342, Fail: 138)
[2026-03-30 13:34:12]   Day 25/31 (OK: 436, Fail: 164)
[2026-03-30 13:36:22]   Day 30/31 (OK: 503, Fail: 217)
[2026-03-30 13:36:58]   Day 31/31 (OK: 514, Fail: 230)
[2026-03-30 13:37:16] SAVED 2023-05: 3,837,224 ticks, 301.8 MB
[2026-03-30 13:37:18] Downloading 2023-06...
[2026-03-30 13:42:47]   Day 5/30 (OK: 62, Fail: 58)
[2026-03-30 13:46:31]   Day 10/30 (OK: 151, Fail: 89)
[2026-03-30 13:48:47]   Day 15/30 (OK: 245, Fail: 115)
[2026-03-30 13:52:02]   Day 20/30 (OK: 312, Fail: 168)
[2026-03-30 13:54:17]   Day 25/30 (OK: 381, Fail: 219)
[2026-03-30 13:57:36]   Day 30/30 (OK: 494, Fail: 226)
[2026-03-30 13:57:50] SAVED 2023-06: 3,043,485 ticks, 239.0 MB
[2026-03-30 13:57:52] Downloading 2023-07...
[2026-03-30 14:00:19]   Day 5/31 (OK: 69, Fail: 51)
[2026-03-30 14:05:25]   Day 10/31 (OK: 138, Fail: 102)
[2026-03-30 14:07:40]   Day 15/31 (OK: 228, Fail: 132)
[2026-03-30 14:09:54]   Day 20/31 (OK: 322, Fail: 158)
[2026-03-30 14:16:45]   Day 25/31 (OK: 383, Fail: 217)
[2026-03-30 14:19:00]   Day 30/31 (OK: 452, Fail: 268)
[2026-03-30 14:19:27]   Day 31/31 (OK: 475, Fail: 269)
[2026-03-30 14:19:39] SAVED 2023-07: 2,691,942 ticks, 211.3 MB
[2026-03-30 14:19:41] SKIP 2023-08: Already exists
[2026-03-30 14:19:41] Downloading 2023-09...
[2026-03-30 14:23:16]   Day 5/30 (OK: 67, Fail: 53)
[2026-03-30 14:25:37]   Day 10/30 (OK: 136, Fail: 104)
[2026-03-30 14:27:59]   Day 15/30 (OK: 249, Fail: 111)
[2026-03-30 14:30:20]   Day 20/30 (OK: 320, Fail: 160)
[2026-03-30 14:32:44]   Day 25/30 (OK: 389, Fail: 211)
[2026-03-30 14:35:04]   Day 30/30 (OK: 479, Fail: 241)
[2026-03-30 14:35:13] SAVED 2023-09: 1,892,643 ticks, 147.9 MB
[2026-03-30 14:35:15] SKIP 2023-10: Already exists
[2026-03-30 14:35:15] Downloading 2023-11...
[2026-03-30 14:39:38]   Day 5/30 (OK: 68, Fail: 52)
[2026-03-30 14:41:58]   Day 10/30 (OK: 182, Fail: 58)
[2026-03-30 14:44:41]   Day 15/30 (OK: 252, Fail: 108)
[2026-03-30 14:46:29]   Day 20/30 (OK: 321, Fail: 159)
[2026-03-30 14:48:13]   Day 25/30 (OK: 405, Fail: 195)
[2026-03-30 14:49:49]   WARNING: 50+ consecutive failures, possible rate limit
[2026-03-30 14:49:49]   Waiting 5 minutes...
[2026-03-30 14:56:38]   Day 30/30 (OK: 498, Fail: 222)
[2026-03-30 14:56:49] SAVED 2023-11: 2,491,773 ticks, 194.5 MB
[2026-03-30 14:56:51] Downloading 2023-12...
[2026-03-30 14:58:46]   Day 5/31 (OK: 69, Fail: 51)
[2026-03-30 15:01:40]   Day 10/31 (OK: 136, Fail: 104)
[2026-03-30 15:03:56]   Day 15/31 (OK: 250, Fail: 110)
[2026-03-30 15:06:13]   Day 20/31 (OK: 320, Fail: 160)
[2026-03-30 15:08:05]   WARNING: 50+ consecutive failures, possible rate limit
[2026-03-30 15:08:05]   Waiting 5 minutes...
[2026-03-30 15:13:30]   Day 25/31 (OK: 366, Fail: 234)
[2026-03-30 15:17:04]   Day 30/31 (OK: 457, Fail: 263)
[2026-03-30 15:17:31]   Day 31/31 (OK: 457, Fail: 287)
[2026-03-30 15:17:43] SAVED 2023-12: 2,751,358 ticks, 213.8 MB
[2026-03-30 15:17:45] *** COMPLETED 228 MONTHS (2023) ***
[2026-03-30 15:17:45] SKIP 2024-01: Already exists
[2026-03-30 15:17:45] SKIP 2024-02: Already exists
[2026-03-30 15:17:45] SKIP 2024-03: Already exists
[2026-03-30 15:17:45] Downloading 2024-04...
[2026-03-30 15:19:51]   Day 5/30 (OK: 113, Fail: 7)
[2026-03-30 15:21:51]   Day 10/30 (OK: 184, Fail: 56)
[2026-03-30 15:23:50]   Day 15/30 (OK: 253, Fail: 107)
[2026-03-30 15:26:03]   Day 20/30 (OK: 343, Fail: 137)
[2026-03-30 15:30:41]   Day 25/30 (OK: 435, Fail: 165)
[2026-03-30 15:33:00]   Day 30/30 (OK: 504, Fail: 216)
[2026-03-30 15:33:25] SAVED 2024-04: 5,230,683 ticks, 406.7 MB
[2026-03-30 15:33:27] Downloading 2024-05...
[2026-03-30 15:36:56]   Day 5/31 (OK: 69, Fail: 51)
[2026-03-30 15:39:13]   Day 10/31 (OK: 182, Fail: 58)
[2026-03-30 15:41:30]     Timeout, retry 1/5
[2026-03-30 15:43:04]   Day 15/31 (OK: 253, Fail: 107)
[2026-03-30 15:45:33]   Day 20/31 (OK: 322, Fail: 158)
[2026-03-30 15:51:19]   Day 25/31 (OK: 407, Fail: 193)
[2026-03-30 15:53:41]   Day 30/31 (OK: 499, Fail: 221)
[2026-03-30 15:54:08]   Day 31/31 (OK: 520, Fail: 224)
[2026-03-30 15:54:32] SAVED 2024-05: 5,013,828 ticks, 390.5 MB
[2026-03-30 15:54:34] Downloading 2024-06...
[2026-03-30 15:56:51]   Day 5/30 (OK: 71, Fail: 49)
[2026-03-30 15:58:56]   Day 10/30 (OK: 140, Fail: 100)
[2026-03-30 16:03:11]   Day 15/30 (OK: 230, Fail: 130)
[2026-03-30 16:05:35]   Day 20/30 (OK: 322, Fail: 158)
[2026-03-30 16:07:52]   Day 25/30 (OK: 391, Fail: 209)
[2026-03-30 16:10:05]   Day 30/30 (OK: 460, Fail: 260)
[2026-03-30 16:10:27] SAVED 2024-06: 4,639,089 ticks, 362.6 MB
[2026-03-30 16:10:29] Downloading 2024-07...
[2026-03-30 16:12:34]   Day 5/31 (OK: 111, Fail: 9)
[2026-03-30 16:14:35]   Day 10/31 (OK: 182, Fail: 58)
[2026-03-30 16:18:42]   Day 15/31 (OK: 251, Fail: 109)
[2026-03-30 16:20:45]   Day 20/31 (OK: 341, Fail: 139)
[2026-03-30 16:22:33]   Day 25/31 (OK: 435, Fail: 165)
[2026-03-30 16:24:47]   Day 30/31 (OK: 504, Fail: 216)
[2026-03-30 16:25:17]   Day 31/31 (OK: 527, Fail: 217)
[2026-03-30 16:25:43] SAVED 2024-07: 5,651,582 ticks, 441.5 MB
[2026-03-30 16:25:45] Downloading 2024-08...
[2026-03-30 16:28:02]   Day 5/31 (OK: 69, Fail: 51)
[2026-03-30 16:30:24]   Day 10/31 (OK: 159, Fail: 81)
[2026-03-30 16:32:40]   Day 15/31 (OK: 253, Fail: 107)
[2026-03-30 16:33:32]     Connection error, retry 1/5
[2026-03-30 16:34:42]     Timeout, retry 2/5
[2026-03-30 16:36:24]   Day 20/31 (OK: 322, Fail: 158)
[2026-03-30 16:38:34]   Day 25/31 (OK: 391, Fail: 209)
[2026-03-30 16:40:48]   Day 30/31 (OK: 504, Fail: 216)
[2026-03-30 16:41:15]   Day 31/31 (OK: 504, Fail: 240)
[2026-03-30 16:41:45] SAVED 2024-08: 5,987,622 ticks, 466.3 MB
[2026-03-30 16:41:47] Downloading 2024-09...
[2026-03-30 16:44:11]   Day 5/30 (OK: 92, Fail: 28)
[2026-03-30 16:46:33]   Day 10/30 (OK: 161, Fail: 79)
[2026-03-30 16:51:42]   Day 15/30 (OK: 230, Fail: 130)
[2026-03-30 16:53:59]   Day 20/30 (OK: 343, Fail: 137)
[2026-03-30 16:56:06]   Day 25/30 (OK: 414, Fail: 186)
[2026-03-30 16:59:58]   Day 30/30 (OK: 481, Fail: 239)
[2026-03-30 17:00:23] SAVED 2024-09: 5,099,233 ticks, 397.8 MB
[2026-03-30 17:00:25] Downloading 2024-10...
[2026-03-30 17:03:50]     Connection error, retry 1/5
[2026-03-30 17:04:03]   Day 5/31 (OK: 90, Fail: 30)
[2026-03-30 17:06:08]   Day 10/31 (OK: 184, Fail: 56)
[2026-03-30 17:08:31]   Day 15/31 (OK: 253, Fail: 107)
[2026-03-30 17:10:50]   Day 20/31 (OK: 322, Fail: 158)
[2026-03-30 17:13:05]   Day 25/31 (OK: 435, Fail: 165)
[2026-03-30 17:15:31]   Day 30/31 (OK: 506, Fail: 214)
[2026-03-30 17:15:58]   Day 31/31 (OK: 529, Fail: 215)
[2026-03-30 17:16:29] SAVED 2024-10: 5,562,067 ticks, 433.4 MB
[2026-03-30 17:16:31] Downloading 2024-11...
[2026-03-30 17:18:33]   Day 5/30 (OK: 68, Fail: 52)
[2026-03-30 17:20:50]   Day 10/30 (OK: 137, Fail: 103)
[2026-03-30 17:23:10]   Day 15/30 (OK: 251, Fail: 109)
[2026-03-30 17:28:41]   Day 20/30 (OK: 321, Fail: 159)
[2026-03-30 17:30:58]   Day 25/30 (OK: 390, Fail: 210)
[2026-03-30 17:33:28]   Day 30/30 (OK: 477, Fail: 243)
[2026-03-30 17:34:00] SAVED 2024-11: 5,938,280 ticks, 460.4 MB
[2026-03-30 17:34:02] Downloading 2024-12...
[2026-03-30 17:36:18]   Day 5/31 (OK: 93, Fail: 27)
[2026-03-30 17:38:23]   Day 10/31 (OK: 162, Fail: 78)
[2026-03-30 17:40:41]   Day 15/31 (OK: 231, Fail: 129)
[2026-03-30 17:44:01]   Day 20/31 (OK: 345, Fail: 135)
[2026-03-30 17:46:14]   Day 25/31 (OK: 389, Fail: 211)
[2026-03-30 17:48:38]   Day 30/31 (OK: 458, Fail: 262)
[2026-03-30 17:49:07]   Day 31/31 (OK: 480, Fail: 264)
[2026-03-30 17:49:32] SAVED 2024-12: 5,090,073 ticks, 397.0 MB
[2026-03-30 17:49:34] *** COMPLETED 240 MONTHS (2024) ***
[2026-03-30 17:49:34] Downloading 2025-01...
[2026-03-30 17:51:53]   Day 5/31 (OK: 47, Fail: 73)
[2026-03-30 17:56:05]   Day 10/31 (OK: 138, Fail: 102)
[2026-03-30 17:58:19]   Day 15/31 (OK: 208, Fail: 152)
[2026-03-30 18:03:42]   Day 20/31 (OK: 272, Fail: 208)
[2026-03-30 18:09:03]   Day 25/31 (OK: 345, Fail: 255)
[2026-03-30 18:14:39]   Day 30/31 (OK: 429, Fail: 291)
[2026-03-30 18:15:08]   Day 31/31 (OK: 451, Fail: 293)
[2026-03-30 18:15:34] SAVED 2025-01: 5,206,897 ticks, 405.7 MB
[2026-03-30 18:15:36] Downloading 2025-02...
[2026-03-30 18:17:38]   Day 5/28 (OK: 70, Fail: 50)
[2026-03-30 18:19:06]     Connection error, retry 1/5
[2026-03-30 18:21:40]   Day 10/28 (OK: 139, Fail: 101)
[2026-03-30 18:26:27]   Day 15/28 (OK: 230, Fail: 130)
[2026-03-30 18:28:43]   Day 20/28 (OK: 321, Fail: 159)
[2026-03-30 18:30:58]   Day 25/28 (OK: 390, Fail: 210)
[2026-03-30 18:32:23]   Day 28/28 (OK: 458, Fail: 214)
[2026-03-30 18:32:51] SAVED 2025-02: 5,815,784 ticks, 452.9 MB
[2026-03-30 18:32:53] SKIP 2025-03: Already exists
[2026-03-30 18:32:53] Downloading 2025-04...
[2026-03-30 18:35:21]   Day 5/30 (OK: 90, Fail: 30)
[2026-03-30 18:37:15]   Day 10/30 (OK: 184, Fail: 56)
[2026-03-30 18:39:05]   Day 15/30 (OK: 253, Fail: 107)
[2026-03-30 18:42:55]   WARNING: 50+ consecutive failures, possible rate limit
[2026-03-30 18:42:55]   Waiting 5 minutes...
[2026-03-30 18:48:26]   Day 20/30 (OK: 299, Fail: 181)
[2026-03-30 18:50:56]   Day 25/30 (OK: 412, Fail: 188)
[2026-03-30 18:53:03]   Day 30/30 (OK: 483, Fail: 237)
[2026-03-30 18:53:42] SAVED 2025-04: 6,160,835 ticks, 478.8 MB
[2026-03-30 18:53:44] SKIP 2025-05: Already exists
[2026-03-30 18:53:44] Downloading 2025-06...
[2026-03-30 18:55:55]   Day 5/30 (OK: 94, Fail: 26)
[2026-03-30 18:58:51]   Day 10/30 (OK: 163, Fail: 77)
[2026-03-30 19:01:22]   Day 15/30 (OK: 232, Fail: 128)
[2026-03-30 19:04:16]     Timeout, retry 1/5
[2026-03-30 19:06:16]   Day 20/30 (OK: 342, Fail: 138)
[2026-03-30 19:08:35]   Day 25/30 (OK: 413, Fail: 187)
[2026-03-30 19:13:18]   Day 30/30 (OK: 482, Fail: 238)
[2026-03-30 19:13:52] SAVED 2025-06: 4,747,754 ticks, 374.0 MB
[2026-03-30 19:13:54] Downloading 2025-07...
[2026-03-30 19:18:29]   Day 5/31 (OK: 76, Fail: 44)
[2026-03-30 19:18:51]   WARNING: 50+ consecutive failures, possible rate limit
[2026-03-30 19:18:51]   Waiting 5 minutes...
[2026-03-30 19:25:50]   Day 10/31 (OK: 170, Fail: 70)
[2026-03-30 19:28:15]   Day 15/31 (OK: 239, Fail: 121)
[2026-03-30 19:30:21]   Day 20/31 (OK: 308, Fail: 172)
[2026-03-30 19:32:01]   Day 25/31 (OK: 421, Fail: 179)
[2026-03-30 19:33:57]   Day 30/31 (OK: 492, Fail: 228)
[2026-03-30 19:34:20]   Day 31/31 (OK: 515, Fail: 229)
[2026-03-30 19:34:40] SAVED 2025-07: 4,153,867 ticks, 325.8 MB
[2026-03-30 19:34:42] Downloading 2025-08...
[2026-03-30 19:37:21]   Day 5/31 (OK: 69, Fail: 51)
[2026-03-30 19:40:35]   Day 10/31 (OK: 138, Fail: 102)
[2026-03-30 19:44:15]   Day 15/31 (OK: 251, Fail: 109)
[2026-03-30 19:47:19]   Day 20/31 (OK: 322, Fail: 158)
[2026-03-30 19:49:44]   Day 25/31 (OK: 391, Fail: 209)
[2026-03-30 19:52:01]   Day 30/31 (OK: 481, Fail: 239)
[2026-03-30 19:52:28]   Day 31/31 (OK: 483, Fail: 261)
[2026-03-30 19:52:49] SAVED 2025-08: 4,332,294 ticks, 338.6 MB
[2026-03-30 19:52:51] Downloading 2025-09...
[2026-03-30 19:55:58]   Day 5/30 (OK: 110, Fail: 10)
[2026-03-30 19:58:29]   Day 10/30 (OK: 181, Fail: 59)
[2026-03-30 20:01:07]   Day 15/30 (OK: 250, Fail: 110)
[2026-03-30 20:03:33]   Day 20/30 (OK: 340, Fail: 140)
[2026-03-30 20:08:00]   Day 25/30 (OK: 429, Fail: 171)
[2026-03-30 20:10:16]   Day 30/30 (OK: 498, Fail: 222)
[2026-03-30 20:10:45] SAVED 2025-09: 5,741,004 ticks, 448.4 MB
[2026-03-30 20:10:47] Downloading 2025-10...
[2026-03-30 20:13:19]   Day 5/31 (OK: 69, Fail: 51)
[2026-03-30 20:17:38]   Day 10/31 (OK: 182, Fail: 58)
[2026-03-30 20:20:08]   Day 15/31 (OK: 253, Fail: 107)
[2026-03-30 20:22:25]   Day 20/31 (OK: 322, Fail: 158)
[2026-03-30 20:25:53]   Day 25/31 (OK: 412, Fail: 188)
[2026-03-30 20:28:37]     Timeout, retry 1/5
[2026-03-30 20:30:48]   Day 30/31 (OK: 506, Fail: 214)
[2026-03-30 20:31:23]   Day 31/31 (OK: 527, Fail: 217)
[2026-03-30 20:32:09] SAVED 2025-10: 9,296,228 ticks, 728.3 MB
[2026-03-30 20:32:11] Downloading 2025-11...
[2026-03-30 20:36:39]   Day 5/30 (OK: 70, Fail: 50)
[2026-03-30 20:39:21]   Day 10/30 (OK: 139, Fail: 101)
[2026-03-30 20:41:49]   Day 15/30 (OK: 230, Fail: 130)
[2026-03-30 20:44:08]   Day 20/30 (OK: 323, Fail: 157)
[2026-03-30 20:48:03]   Day 25/30 (OK: 392, Fail: 208)
[2026-03-30 20:50:07]   WARNING: 50+ consecutive failures, possible rate limit
[2026-03-30 20:50:07]   Waiting 5 minutes...
[2026-03-30 20:55:08]   Day 30/30 (OK: 457, Fail: 263)
[2026-03-30 20:55:41] SAVED 2025-11: 6,537,897 ticks, 508.9 MB
[2026-03-30 20:55:43] Downloading 2025-12...
[2026-03-30 20:59:52]   Day 5/31 (OK: 107, Fail: 13)
[2026-03-30 21:02:22]   Day 10/31 (OK: 177, Fail: 63)
[2026-03-30 21:07:10]   Day 15/31 (OK: 246, Fail: 114)
[2026-03-30 21:09:33]   Day 20/31 (OK: 337, Fail: 143)
[2026-03-30 21:14:09]   Day 25/31 (OK: 404, Fail: 196)
[2026-03-30 21:16:44]   Day 30/31 (OK: 473, Fail: 247)
[2026-03-30 21:17:13]   Day 31/31 (OK: 495, Fail: 249)
[2026-03-30 21:17:50] SAVED 2025-12: 7,855,414 ticks, 612.3 MB
[2026-03-30 21:17:52] *** COMPLETED 252 MONTHS (2025) ***
[2026-03-30 21:17:52] Downloading 2026-01...
[2026-03-30 21:20:43]   Day 5/31 (OK: 47, Fail: 73)
[2026-03-30 21:23:03]   Day 10/31 (OK: 138, Fail: 102)
[2026-03-30 21:25:09]   Day 15/31 (OK: 231, Fail: 129)
[2026-03-30 21:27:30]   Day 20/31 (OK: 298, Fail: 182)
[2026-03-30 21:29:50]   Day 25/31 (OK: 367, Fail: 233)
[2026-03-30 21:32:30]   Day 30/31 (OK: 481, Fail: 239)
[2026-03-30 21:33:00]   Day 31/31 (OK: 481, Fail: 263)
[2026-03-30 21:33:53] SAVED 2026-01: 9,135,062 ticks, 711.8 MB
[2026-03-30 21:33:55] Downloading 2026-02...
[2026-03-30 21:36:26]   Day 5/28 (OK: 93, Fail: 27)
[2026-03-30 21:40:27]   Day 10/28 (OK: 162, Fail: 78)
[2026-03-30 21:42:27]   Day 15/28 (OK: 231, Fail: 129)
[2026-03-30 21:44:39]   Day 20/28 (OK: 343, Fail: 137)
[2026-03-30 21:46:57]   Day 25/28 (OK: 413, Fail: 187)
[2026-03-30 21:48:05]   Day 28/28 (OK: 458, Fail: 214)
[2026-03-30 21:48:46] SAVED 2026-02: 7,538,339 ticks, 588.3 MB
[2026-03-30 21:48:48] Downloading 2026-03...
[2026-03-30 21:51:15]   Day 5/31 (OK: 93, Fail: 27)
[2026-03-30 21:53:35]   Day 10/31 (OK: 163, Fail: 77)
[2026-03-30 21:55:29]   Day 15/31 (OK: 232, Fail: 128)
[2026-03-30 21:57:42]   Day 20/31 (OK: 345, Fail: 135)
[2026-03-30 21:59:27]   Day 25/31 (OK: 416, Fail: 184)
[2026-03-30 22:04:35]   Day 30/31 (OK: 481, Fail: 239)
[2026-03-30 22:04:52]   Day 31/31 (OK: 481, Fail: 263)
[2026-03-30 22:05:55] SAVED 2026-03: 8,968,818 ticks, 698.3 MB
[2026-03-30 22:05:57] ======================================================================
[2026-03-30 22:05:57] TICK DOWNLOAD PHASE COMPLETE!
[2026-03-30 22:05:57] ======================================================================
[2026-03-30 22:05:57] 
Creating timeframes...
[2026-03-30 22:05:57] ======================================================================
[2026-03-30 22:05:57] CREATING TIMEFRAMES FROM TICK DATA
[2026-03-30 22:05:57] ======================================================================
[2026-03-30 22:05:57] Found 258 tick files
[2026-03-30 22:05:57] Loading all tick data...
[2026-03-30 22:05:57]   Loading file 1/258...
[2026-03-30 22:06:04]   Loading file 11/258...
[2026-03-30 22:06:15]   Loading file 21/258...
[2026-03-30 22:06:26]   Loading file 31/258...
[2026-03-30 22:06:29]   Loading file 41/258...
[2026-03-30 22:06:31]   Loading file 51/258...
[2026-03-30 22:06:34]   Loading file 61/258...
[2026-03-30 22:06:42]   Loading file 71/258...
[2026-03-30 22:06:55]   Loading file 81/258...
[2026-03-30 22:07:04]   Error loading D:\traiding data\xauusd\ticks\2011\ticks_2011_10.csv: Unable to allocate 1.00 MiB for an array with shape (131072,) and data type int64
[2026-03-30 22:07:04]   Error loading D:\traiding data\xauusd\ticks\2011\ticks_2011_11.csv: Unable to allocate 1.00 MiB for an array with shape (131072,) and data type int64
